1 0 0 0 0 0 0 0 0 0 0 0 0 0 0 0 0 0 0 0 0 0 0 0 0 0 0 0 1 
0 499122177 0 0 0 0 0 0 499122177 0 0 0 0 0 0 0 0 0 0 0 0 0 0 0 0 0 0 0 499122177 
0 0 332748118 0 0 0 0 0 0 665496236 0 0 0 0 0 0 0 0 0 0 0 0 0 0 0 0 0 0 332748118 
0 0 0 748683265 0 0 0 0 0 0 249561089 0 0 0 0 0 0 0 0 0 0 0 0 0 0 0 0 0 748683265 
0 0 0 0 598946612 0 0 0 0 0 0 399297742 0 0 0 0 0 0 0 0 0 0 0 0 0 0 0 0 598946612 
0 0 0 0 0 166374059 0 0 0 0 0 0 831870295 0 0 0 0 0 0 0 0 0 0 0 0 0 0 0 166374059 
0 0 0 0 0 0 855638017 0 0 0 0 0 142606337 0 0 0 0 0 0 0 0 0 0 0 0 0 0 0 855638017 
499122177 0 0 0 0 0 0 499122177 0 0 0 0 0 0 0 0 0 0 0 0 0 0 0 0 0 0 0 0 499122177 
0 332748118 0 0 0 0 0 0 332748118 0 0 0 0 0 332748118 0 0 0 0 0 0 0 0 0 0 0 0 0 332748118 
0 0 748683265 0 0 0 0 0 0 748683265 0 0 0 0 0 499122177 0 0 0 0 0 0 0 0 0 0 0 0 748683265 
0 0 0 598946612 0 0 0 0 0 0 598946612 0 0 0 0 0 798595483 0 0 0 0 0 0 0 0 0 0 0 598946612 
0 0 0 0 166374059 0 0 0 0 0 0 166374059 0 0 0 0 0 665496236 0 0 0 0 0 0 0 0 0 0 166374059 
0 0 0 0 0 855638017 0 0 0 0 0 0 855638017 0 0 0 0 285212673 0 0 0 0 0 0 0 0 0 0 855638017 
0 0 0 0 0 0 0 665496236 0 0 0 0 0 332748118 0 0 0 0 0 0 0 0 0 0 0 0 0 0 332748118 
0 0 0 0 0 0 0 0 499122177 0 0 0 0 0 748683265 0 0 0 0 748683265 0 0 0 0 0 0 0 0 748683265 
0 0 0 0 0 0 0 0 0 199648871 0 0 0 0 0 598946612 0 0 0 0 199648871 0 0 0 0 0 0 0 598946612 
0 0 0 0 0 0 0 0 0 0 332748118 0 0 0 0 0 166374059 0 0 0 0 499122177 0 0 0 0 0 0 166374059 
0 0 0 0 0 0 0 0 0 0 0 713031681 0 0 0 0 0 855638017 0 0 0 427819009 0 0 0 0 0 0 855638017 
0 0 0 0 0 0 0 0 0 0 0 0 0 249561089 0 0 0 0 748683265 0 0 0 0 0 0 0 0 0 748683265 
0 0 0 0 0 0 0 0 0 0 0 0 0 0 798595483 0 0 0 0 598946612 0 0 0 598946612 0 0 0 0 598946612 
0 0 0 0 0 0 0 0 0 0 0 0 0 0 0 499122177 0 0 0 0 166374059 0 0 0 332748118 0 0 0 166374059 
0 0 0 0 0 0 0 0 0 0 0 0 0 0 0 0 570425345 0 0 0 0 855638017 0 0 570425345 0 0 0 855638017 
0 0 0 0 0 0 0 0 0 0 0 0 0 0 0 0 0 0 399297742 0 0 0 598946612 0 0 0 0 0 598946612 
0 0 0 0 0 0 0 0 0 0 0 0 0 0 0 0 0 0 0 665496236 0 0 0 166374059 0 0 166374059 0 166374059 
0 0 0 0 0 0 0 0 0 0 0 0 0 0 0 0 0 0 0 0 427819009 0 0 0 855638017 0 713031681 0 855638017 
0 0 0 0 0 0 0 0 0 0 0 0 0 0 0 0 0 0 0 0 0 0 831870295 0 0 166374059 0 0 166374059 
0 0 0 0 0 0 0 0 0 0 0 0 0 0 0 0 0 0 0 0 0 0 0 285212673 0 0 855638017 855638017 855638017 
0 0 0 0 0 0 0 0 0 0 0 0 0 0 0 0 0 0 0 0 0 0 0 0 0 142606337 0 855638017 855638017 
0 0 0 0 0 0 0 0 0 0 0 0 0 0 0 0 0 0 0 0 0 0 0 0 0 0 0 0 1 
415935148
