f[2][1]=9
f[2][2]=7
f[3][1]=245
f[2][3]=1
f[3][2]=1261
f[4][1]=126565
f[2][4]=0
f[3][3]=1795
f[4][2]=4042105
f[5][1]=54326037
f[2][5]=0
f[3][4]=1011
f[4][3]=34073223
f[5][2]=611237348
f[6][1]=321837880
f[2][6]=0
f[3][5]=251
f[4][4]=123324357
f[5][3]=520944647
f[6][2]=459137837
f[7][1]=323252721
f[2][7]=0
f[3][6]=27
f[4][5]=234567725
f[5][4]=606064407
f[6][3]=19707551
f[7][2]=502609165
f[8][1]=754868154
f[2][8]=0
f[3][7]=1
f[4][6]=261236673
f[5][5]=808434990
f[6][4]=687800868
f[7][3]=747128864
f[8][2]=732425476
f[9][1]=328083248
f[2][9]=0
f[3][8]=0
f[4][7]=181571491
f[5][6]=269069098
f[6][5]=399917903
f[7][4]=342801493
f[8][3]=799347340
f[9][2]=785074141
f[10][1]=838314395
f[2][10]=0
f[3][9]=0
f[4][8]=81838387
f[5][7]=355801398
f[6][6]=387512731
f[7][5]=853284369
f[8][4]=418236051
f[9][3]=702449359
f[10][2]=825323174
f[11][1]=220816781
f[2][11]=0
f[3][10]=0
f[4][9]=24430951
f[5][8]=518069898
f[6][7]=851874832
f[7][6]=663790259
f[8][5]=935677018
f[9][4]=574677264
f[10][3]=282980420
f[11][2]=427252101
f[12][1]=893672292
f[2][12]=0
f[3][11]=0
f[4][10]=4865219
f[5][9]=900237378
f[6][8]=348524821
f[7][7]=172908482
f[8][6]=853421863
f[9][5]=372015288
f[10][4]=77735569
f[11][3]=261983170
f[12][2]=502110804
f[13][1]=166441208
f[2][13]=0
f[3][12]=0
f[4][11]=641925
f[5][10]=675542766
f[6][9]=886677948
f[7][8]=370848680
f[8][7]=520688537
f[9][6]=71925377
f[10][5]=353387481
f[11][4]=448922157
f[12][3]=405039683
f[13][2]=49861846
f[14][1]=251255697
f[2][14]=0
f[3][13]=0
f[4][12]=54775
f[5][11]=234078098
f[6][10]=308025133
f[7][9]=684825661
f[8][8]=729564360
f[9][7]=229041079
f[10][6]=806042848
f[11][5]=356869800
f[12][4]=647109026
f[13][3]=324306167
f[14][2]=235155612
f[15][1]=114256285
f[2][15]=0
f[3][14]=0
f[4][13]=2871
f[5][12]=630893269
f[6][11]=254231707
f[7][10]=122777384
f[8][9]=799898189
f[9][8]=455882611
f[10][7]=603893400
f[11][6]=132688323
f[12][5]=81663240
f[13][4]=949607370
f[14][3]=179874654
f[15][2]=572999585
f[16][1]=118775501
f[2][16]=0
f[3][15]=0
f[4][14]=83
f[5][13]=686644288
f[6][12]=28839909
f[7][11]=326869123
f[8][10]=997104705
f[9][9]=64390756
f[10][8]=775216394
f[11][7]=670201151
f[12][6]=71068014
f[13][5]=23954372
f[14][4]=108555459
f[15][3]=933088617
f[16][2]=172991592
f[17][1]=482714697
f[2][17]=0
f[3][16]=0
f[4][15]=1
f[5][14]=305256520
f[6][13]=858696031
f[7][12]=211029709
f[8][11]=19195669
f[9][10]=256741977
f[10][9]=516467763
f[11][8]=525324395
f[12][7]=62759782
f[13][6]=368811256
f[14][5]=144302152
f[15][4]=184210634
f[16][3]=558727150
f[17][2]=744520411
f[18][1]=11784725
f[2][18]=0
f[3][17]=0
f[4][16]=0
f[5][15]=200640279
f[6][14]=281573974
f[7][13]=510607756
f[8][12]=642937939
f[9][11]=466232958
f[10][10]=905358931
f[11][9]=707694268
f[12][8]=715579385
f[13][7]=815784180
f[14][6]=677166062
f[15][5]=555808694
f[16][4]=729109596
f[17][3]=407238707
f[18][2]=726361716
f[19][1]=460862131
f[2][19]=0
f[3][18]=0
f[4][17]=0
f[5][16]=577883675
f[6][15]=199806975
f[7][14]=865477453
f[8][13]=641773860
f[9][12]=925995149
f[10][11]=176462819
f[11][10]=932479980
f[12][9]=581216161
f[13][8]=978581249
f[14][7]=300564280
f[15][6]=241209398
f[16][5]=495419041
f[17][4]=134486630
f[18][3]=260981474
f[19][2]=294751028
f[20][1]=550384565
550384565
