39239 19620 39239
39239 13080 19619
39239 9810 13079
39239 7848 9809
39239 6540 7847
39239 5606 6539
39239 4905 5605
39239 4360 4904
39239 3924 4359
39239 3568 3923
39239 3270 3567
39239 3019 3269
39239 2803 3018
39239 2616 2802
39239 2453 2615
39239 2309 2452
39239 2180 2308
39239 2066 2179
39239 1962 2065
39239 1869 1961
39239 1784 1868
39239 1707 1783
39239 1635 1706
39239 1570 1634
39239 1510 1569
39239 1454 1509
39239 1402 1453
39239 1354 1401
39239 1308 1353
39239 1266 1307
39239 1227 1265
39239 1190 1226
39239 1155 1189
39239 1122 1154
39239 1090 1121
39239 1061 1089
39239 1033 1060
39239 1007 1032
39239 981 1006
39239 958 980
39239 935 957
39239 913 934
39239 892 912
39239 872 891
39239 854 871
39239 835 853
39239 818 834
39239 801 817
39239 785 800
39239 770 784
39239 755 769
39239 741 754
39239 727 740
39239 714 726
39239 701 713
39239 689 700
39239 677 688
39239 666 676
39239 654 665
39239 644 653
39239 633 643
39239 623 632
39239 614 622
39239 604 613
39239 595 603
39239 586 594
39239 578 585
39239 569 577
39239 561 568
39239 553 560
39239 545 552
39239 538 544
39239 531 537
39239 524 530
39239 517 523
39239 510 516
39239 504 509
39239 497 503
39239 491 496
39239 485 490
39239 479 484
39239 473 478
39239 468 472
39239 462 467
39239 457 461
39239 452 456
39239 446 451
39239 441 445
39239 436 440
39239 432 435
39239 427 431
39239 422 426
39239 418 421
39239 414 417
39239 409 413
39239 405 408
39239 401 404
39239 397 400
39239 393 396
39239 389 392
39239 385 388
39239 381 384
39239 378 380
39239 374 377
39239 371 373
39239 367 370
39239 364 366
39239 360 363
39239 357 359
39239 354 356
39239 351 353
39239 348 350
39239 345 347
39239 342 344
39239 339 341
39239 336 338
39239 333 335
39239 330 332
39239 327 329
39239 325 326
39239 322 324
39239 320 321
39239 317 319
39239 314 316
39239 312 313
39239 309 311
39239 307 308
39239 305 306
39239 302 304
39239 300 301
39239 298 299
39239 296 297
39239 293 295
39239 291 292
39239 289 290
39239 287 288
39239 285 286
39239 283 284
39239 281 282
39239 279 280
39239 277 278
39239 275 276
39239 273 274
39239 271 272
39239 269 270
39239 267 268
39239 266 266
39239 264 265
39239 262 263
39239 260 261
39239 259 259
39239 257 258
39239 255 256
39239 254 254
39239 252 253
39239 250 251
39239 249 249
39239 247 248
39239 246 246
39239 244 245
39239 243 243
39239 241 242
39239 240 240
39239 238 239
39239 237 237
39239 235 236
39239 234 234
39239 233 233
39239 231 232
39239 230 230
39239 229 229
39239 227 228
39239 226 226
39239 225 225
39239 223 224
39239 222 222
39239 221 221
39239 220 220
39239 218 219
39239 217 217
39239 216 216
39239 215 215
39239 214 214
39239 213 213
39239 211 212
39239 210 210
39239 209 209
39239 208 208
39239 207 207
39239 206 206
39239 205 205
39239 204 204
39239 203 203
39239 202 202
39239 201 201
39239 200 200
39239 199 199
39239 198 198
39239 197 197
39239 196 196
39239 195 195
39239 194 194
39239 193 193
39239 192 192
39239 191 191
39239 190 190
39239 189 189
39239 188 188
39239 187 187
39239 186 186
39239 185 185
39239 184 184
39239 183 183
39239 182 182
39239 181 181
39239 180 180
39239 179 179
39239 178 178
39239 177 177
39239 176 176
39239 175 175
39239 174 174
39239 173 173
39239 172 172
39239 171 171
39239 170 170
39239 169 169
39239 168 168
39239 167 167
39239 166 166
39239 165 165
39239 164 164
39239 163 163
39239 162 162
39239 161 161
39239 160 160
39239 159 159
39239 158 158
39239 157 157
39239 156 156
39239 155 155
39239 154 154
39239 153 153
39239 152 152
39239 151 151
39239 150 150
39239 149 149
39239 148 148
39239 147 147
39239 146 146
39239 145 145
39239 144 144
39239 143 143
39239 142 142
39239 141 141
39239 140 140
39239 139 139
39239 138 138
39239 137 137
39239 136 136
39239 135 135
39239 134 134
39239 133 133
39239 132 132
39239 131 131
39239 130 130
39239 129 129
39239 128 128
39239 127 127
39239 126 126
39239 125 125
39239 124 124
39239 123 123
39239 122 122
39239 121 121
39239 120 120
39239 119 119
39239 118 118
39239 117 117
39239 116 116
39239 115 115
39239 114 114
39239 113 113
39239 112 112
39239 111 111
39239 110 110
39239 109 109
39239 108 108
39239 107 107
39239 106 106
39239 105 105
39239 104 104
39239 103 103
39239 102 102
39239 101 101
39239 100 100
39239 99 99
39239 98 98
39239 97 97
39239 96 96
39239 95 95
39239 94 94
39239 93 93
39239 92 92
39239 91 91
39239 90 90
39239 89 89
39239 88 88
39239 87 87
39239 86 86
39239 85 85
39239 84 84
39239 83 83
39239 82 82
39239 81 81
39239 80 80
39239 79 79
39239 78 78
39239 77 77
39239 76 76
39239 75 75
39239 74 74
39239 73 73
39239 72 72
39239 71 71
39239 70 70
39239 69 69
39239 68 68
39239 67 67
39239 66 66
39239 65 65
39239 64 64
39239 63 63
39239 62 62
39239 61 61
39239 60 60
39239 59 59
39239 58 58
39239 57 57
39239 56 56
39239 55 55
39239 54 54
39239 53 53
39239 52 52
39239 51 51
39239 50 50
39239 49 49
39239 48 48
39239 47 47
39239 46 46
39239 45 45
39239 44 44
39239 43 43
39239 42 42
39239 41 41
39239 40 40
39239 39 39
39239 38 38
39239 37 37
39239 36 36
39239 35 35
39239 34 34
39239 33 33
39239 32 32
39239 31 31
39239 30 30
39239 29 29
39239 28 28
39239 27 27
39239 26 26
39239 25 25
39239 24 24
39239 23 23
39239 22 22
39239 21 21
39239 20 20
39239 19 19
39239 18 18
39239 17 17
39239 16 16
39239 15 15
39239 14 14
39239 13 13
39239 12 12
39239 11 11
39239 10 10
39239 9 9
39239 8 8
39239 7 7
39239 6 6
39239 5 5
39239 4 4
39239 3 3
39239 2 2
39239 1 1
259514651
