tmp=2
p[3]=1000000006 all[0]=1 cross[3]=0
dp[3]=5
t=0
0 1 0
t=0 in[t]=30 cnt=1
p[2]=1 all[1]=1 cross[2]=1
dp[3]=3
t=1
0 1 0
t=1 in[t]=13 cnt=1
p[1]=1 all[2]=1 cross[1]=1
dp[3]=1
S=3 dp[s]=1 all[s]=4 p[s]=0
tmp=1
p[5]=1000000006 all[0]=1 cross[5]=0
dp[5]=3
t=0
0 1 0
t=0 in[t]=30 cnt=1
p[4]=1 all[1]=1 cross[4]=1
dp[5]=1
t=2
0 0 0
t=2 in[t]=26 cnt=0
p[1]=1 all[4]=1 cross[1]=0
dp[5]=0
S=5 dp[s]=0 all[s]=2 p[s]=1000000006
tmp=2
p[6]=1000000006 all[0]=1 cross[6]=0
dp[6]=5
t=1
0 1 0
t=1 in[t]=13 cnt=1
p[4]=1 all[2]=1 cross[4]=1
dp[6]=3
t=2
0 1 0
t=2 in[t]=26 cnt=1
p[2]=1 all[4]=1 cross[2]=1
dp[6]=1
S=6 dp[s]=1 all[s]=4 p[s]=0
tmp=5
p[7]=1000000006 all[0]=1 cross[7]=0
dp[7]=33
t=0
0 2 0
t=0 in[t]=30 cnt=2
p[6]=0 all[1]=1 cross[6]=2
dp[7]=33
t=1
0 2 0
t=1 in[t]=13 cnt=2
p[5]=1000000006 all[2]=1 cross[5]=2
dp[7]=37
t=0
2 1 1
t=0 in[t]=30 cnt=1
p[4]=1 all[3]=4 cross[4]=2
dp[7]=21
t=2
0 1 0
t=2 in[t]=26 cnt=1
p[3]=0 all[4]=1 cross[3]=1
dp[7]=21
t=0
1 1 0
t=0 in[t]=30 cnt=1
p[2]=1 all[5]=2 cross[2]=2
dp[7]=13
t=1
1 1 1
t=1 in[t]=13 cnt=1
p[1]=1 all[6]=4 cross[1]=1
dp[7]=5
S=7 dp[s]=5 all[s]=32 p[s]=4
tmp=2
p[9]=1000000006 all[0]=1 cross[9]=0
dp[9]=5
t=0
0 1 0
t=0 in[t]=30 cnt=1
p[8]=1 all[1]=1 cross[8]=1
dp[9]=3
t=3
0 1 0
t=3 in[t]=21 cnt=1
p[1]=1 all[8]=1 cross[1]=1
dp[9]=1
S=9 dp[s]=1 all[s]=4 p[s]=0
tmp=1
p[10]=1000000006 all[0]=1 cross[10]=0
dp[10]=3
t=1
0 1 0
t=1 in[t]=13 cnt=1
p[8]=1 all[2]=1 cross[8]=1
dp[10]=1
t=3
0 0 0
t=3 in[t]=21 cnt=0
p[2]=1 all[8]=1 cross[2]=0
dp[10]=0
S=10 dp[s]=0 all[s]=2 p[s]=1000000006
tmp=5
p[11]=1000000006 all[0]=1 cross[11]=0
dp[11]=33
t=0
0 2 0
t=0 in[t]=30 cnt=2
p[10]=1000000006 all[1]=1 cross[10]=2
dp[11]=37
t=1
0 2 0
t=1 in[t]=13 cnt=2
p[9]=0 all[2]=1 cross[9]=2
dp[11]=37
t=0
2 1 1
t=0 in[t]=30 cnt=1
p[8]=1 all[3]=4 cross[8]=2
dp[11]=21
t=3
0 1 0
t=3 in[t]=21 cnt=1
p[3]=0 all[8]=1 cross[3]=1
dp[11]=21
t=0
1 1 1
t=0 in[t]=30 cnt=1
p[2]=1 all[9]=4 cross[2]=1
dp[11]=13
t=1
1 1 0
t=1 in[t]=13 cnt=1
p[1]=1 all[10]=2 cross[1]=2
dp[11]=5
S=11 dp[s]=5 all[s]=32 p[s]=4
tmp=2
p[12]=1000000006 all[0]=1 cross[12]=0
dp[12]=5
t=2
0 1 0
t=2 in[t]=26 cnt=1
p[8]=1 all[4]=1 cross[8]=1
dp[12]=3
t=3
0 1 0
t=3 in[t]=21 cnt=1
p[4]=1 all[8]=1 cross[4]=1
dp[12]=1
S=12 dp[s]=1 all[s]=4 p[s]=0
tmp=5
p[13]=1000000006 all[0]=1 cross[13]=0
dp[13]=33
t=0
0 2 0
t=0 in[t]=30 cnt=2
p[12]=0 all[1]=1 cross[12]=2
dp[13]=33
t=2
0 1 0
t=2 in[t]=26 cnt=1
p[9]=0 all[4]=1 cross[9]=1
dp[13]=33
t=0
1 1 0
t=0 in[t]=30 cnt=1
p[8]=1 all[5]=2 cross[8]=2
dp[13]=25
t=3
0 2 0
t=3 in[t]=21 cnt=2
p[5]=1000000006 all[8]=1 cross[5]=2
dp[13]=29
t=0
2 1 1
t=0 in[t]=30 cnt=1
p[4]=1 all[9]=4 cross[4]=2
dp[13]=13
t=2
2 0 1
t=2 in[t]=26 cnt=0
p[1]=1 all[12]=4 cross[1]=1
dp[13]=5
S=13 dp[s]=5 all[s]=32 p[s]=4
tmp=5
p[14]=1000000006 all[0]=1 cross[14]=0
dp[14]=33
t=1
0 2 0
t=1 in[t]=13 cnt=2
p[12]=0 all[2]=1 cross[12]=2
dp[14]=33
t=2
0 2 0
t=2 in[t]=26 cnt=2
p[10]=1000000006 all[4]=1 cross[10]=2
dp[14]=37
t=1
2 1 1
t=1 in[t]=13 cnt=1
p[8]=1 all[6]=4 cross[8]=2
dp[14]=21
t=3
0 1 0
t=3 in[t]=21 cnt=1
p[6]=0 all[8]=1 cross[6]=1
dp[14]=21
t=1
1 1 0
t=1 in[t]=13 cnt=1
p[4]=1 all[10]=2 cross[4]=2
dp[14]=13
t=2
1 1 1
t=2 in[t]=26 cnt=1
p[2]=1 all[12]=4 cross[2]=1
dp[14]=5
S=14 dp[s]=5 all[s]=32 p[s]=4
tmp=10
p[15]=999999988 all[0]=1 cross[15]=0
dp[15]=1043
t=0
0 3 0
t=0 in[t]=30 cnt=3
p[14]=4 all[1]=1 cross[14]=3
dp[15]=1011
t=1
0 3 0
t=1 in[t]=13 cnt=3
p[13]=4 all[2]=1 cross[13]=3
dp[15]=979
t=0
3 2 1
t=0 in[t]=30 cnt=2
p[12]=0 all[3]=4 cross[12]=4
dp[15]=979
t=2
0 2 0
t=2 in[t]=26 cnt=2
p[11]=4 all[4]=1 cross[11]=2
dp[15]=963
t=0
2 2 0
t=0 in[t]=30 cnt=2
p[10]=1000000006 all[5]=2 cross[10]=4
dp[15]=995
t=1
2 2 1
t=1 in[t]=13 cnt=2
p[9]=0 all[6]=4 cross[9]=3
dp[15]=995
t=0
3 1 1
t=0 in[t]=30 cnt=1
p[8]=1 all[7]=32 cross[8]=3
dp[15]=739
t=3
0 2 0
t=3 in[t]=21 cnt=2
p[7]=4 all[8]=1 cross[7]=2
dp[15]=723
t=0
2 2 1
t=0 in[t]=30 cnt=2
p[6]=0 all[9]=4 cross[6]=3
dp[15]=723
t=1
2 2 0
t=1 in[t]=13 cnt=2
p[5]=1000000006 all[10]=2 cross[5]=4
dp[15]=755
t=0
4 1 2
t=0 in[t]=30 cnt=1
p[4]=1 all[11]=32 cross[4]=3
dp[15]=499
t=2
2 1 1
t=2 in[t]=26 cnt=1
p[3]=0 all[12]=4 cross[3]=2
dp[15]=499
t=0
2 1 1
t=0 in[t]=30 cnt=1
p[2]=1 all[13]=32 cross[2]=2
dp[15]=371
t=1
2 1 1
t=1 in[t]=13 cnt=1
p[1]=1 all[14]=32 cross[1]=2
dp[15]=243
S=15 dp[s]=243 all[s]=1024 p[s]=224
tmp=2
p[17]=1000000006 all[0]=1 cross[17]=0
dp[17]=5
t=0
0 1 0
t=0 in[t]=30 cnt=1
p[16]=1 all[1]=1 cross[16]=1
dp[17]=3
t=4
0 1 0
t=4 in[t]=3 cnt=1
p[1]=1 all[16]=1 cross[1]=1
dp[17]=1
S=17 dp[s]=1 all[s]=4 p[s]=0
tmp=1
p[18]=1000000006 all[0]=1 cross[18]=0
dp[18]=3
t=1
0 0 0
t=1 in[t]=13 cnt=0
p[16]=1 all[2]=1 cross[16]=0
dp[18]=2
t=4
0 1 0
t=4 in[t]=3 cnt=1
p[2]=1 all[16]=1 cross[2]=1
dp[18]=0
S=18 dp[s]=0 all[s]=2 p[s]=1000000006
tmp=5
p[19]=1000000006 all[0]=1 cross[19]=0
dp[19]=33
t=0
0 2 0
t=0 in[t]=30 cnt=2
p[18]=1000000006 all[1]=1 cross[18]=2
dp[19]=37
t=1
0 1 0
t=1 in[t]=13 cnt=1
p[17]=0 all[2]=1 cross[17]=1
dp[19]=37
t=0
1 1 1
t=0 in[t]=30 cnt=1
p[16]=1 all[3]=4 cross[16]=1
dp[19]=29
t=4
0 2 0
t=4 in[t]=3 cnt=2
p[3]=0 all[16]=1 cross[3]=2
dp[19]=29
t=0
2 1 1
t=0 in[t]=30 cnt=1
p[2]=1 all[17]=4 cross[2]=2
dp[19]=13
t=1
2 1 1
t=1 in[t]=13 cnt=1
p[1]=1 all[18]=2 cross[1]=2
dp[19]=5
S=19 dp[s]=5 all[s]=32 p[s]=4
tmp=1
p[20]=1000000006 all[0]=1 cross[20]=0
dp[20]=3
t=2
0 1 0
t=2 in[t]=26 cnt=1
p[16]=1 all[4]=1 cross[16]=1
dp[20]=1
t=4
0 0 0
t=4 in[t]=3 cnt=0
p[4]=1 all[16]=1 cross[4]=0
dp[20]=0
S=20 dp[s]=0 all[s]=2 p[s]=1000000006
tmp=4
p[21]=0 all[0]=1 cross[21]=0
dp[21]=16
t=0
0 2 0
t=0 in[t]=30 cnt=2
p[20]=1000000006 all[1]=1 cross[20]=2
dp[21]=20
t=2
0 1 0
t=2 in[t]=26 cnt=1
p[17]=0 all[4]=1 cross[17]=1
dp[21]=20
t=0
1 1 0
t=0 in[t]=30 cnt=1
p[16]=1 all[5]=2 cross[16]=2
dp[21]=12
t=4
0 1 0
t=4 in[t]=3 cnt=1
p[5]=1000000006 all[16]=1 cross[5]=1
dp[21]=14
t=0
1 1 1
t=0 in[t]=30 cnt=1
p[4]=1 all[17]=4 cross[4]=1
dp[21]=6
t=2
1 0 0
t=2 in[t]=26 cnt=0
p[1]=1 all[20]=2 cross[1]=1
dp[21]=2
S=21 dp[s]=2 all[s]=16 p[s]=2
tmp=4
p[22]=0 all[0]=1 cross[22]=0
dp[22]=16
t=1
0 1 0
t=1 in[t]=13 cnt=1
p[20]=1000000006 all[2]=1 cross[20]=1
dp[22]=18
t=2
0 2 0
t=2 in[t]=26 cnt=2
p[18]=1000000006 all[4]=1 cross[18]=2
dp[22]=22
t=1
2 0 1
t=1 in[t]=13 cnt=0
p[16]=1 all[6]=4 cross[16]=1
dp[22]=14
t=4
0 1 0
t=4 in[t]=3 cnt=1
p[6]=0 all[16]=1 cross[6]=1
dp[22]=14
t=1
1 1 1
t=1 in[t]=13 cnt=1
p[4]=1 all[18]=2 cross[4]=1
dp[22]=10
t=2
1 1 0
t=2 in[t]=26 cnt=1
p[2]=1 all[20]=2 cross[2]=2
dp[22]=2
S=22 dp[s]=2 all[s]=16 p[s]=2
tmp=9
p[23]=999999994 all[0]=1 cross[23]=0
dp[23]=525
t=0
0 3 0
t=0 in[t]=30 cnt=3
p[22]=2 all[1]=1 cross[22]=3
dp[23]=509
t=1
0 2 0
t=1 in[t]=13 cnt=2
p[21]=2 all[2]=1 cross[21]=2
dp[23]=501
t=0
2 2 1
t=0 in[t]=30 cnt=2
p[20]=1000000006 all[3]=4 cross[20]=3
dp[23]=533
t=2
0 2 0
t=2 in[t]=26 cnt=2
p[19]=4 all[4]=1 cross[19]=2
dp[23]=517
t=0
2 2 0
t=0 in[t]=30 cnt=2
p[18]=1000000006 all[5]=2 cross[18]=4
dp[23]=549
t=1
2 1 1
t=1 in[t]=13 cnt=1
p[17]=0 all[6]=4 cross[17]=2
dp[23]=549
t=0
2 1 1
t=0 in[t]=30 cnt=1
p[16]=1 all[7]=32 cross[16]=2
dp[23]=421
t=4
0 2 0
t=4 in[t]=3 cnt=2
p[7]=4 all[16]=1 cross[7]=2
dp[23]=405
t=0
2 2 1
t=0 in[t]=30 cnt=2
p[6]=0 all[17]=4 cross[6]=3
dp[23]=405
t=1
2 2 1
t=1 in[t]=13 cnt=2
p[5]=1000000006 all[18]=2 cross[5]=3
dp[23]=421
t=0
3 1 2
t=0 in[t]=30 cnt=1
p[4]=1 all[19]=32 cross[4]=2
dp[23]=293
t=2
2 1 0
t=2 in[t]=26 cnt=1
p[3]=0 all[20]=2 cross[3]=3
dp[23]=293
t=0
3 1 1
t=0 in[t]=30 cnt=1
p[2]=1 all[21]=16 cross[2]=3
dp[23]=165
t=1
3 1 2
t=1 in[t]=13 cnt=1
p[1]=1 all[22]=16 cross[1]=2
dp[23]=101
S=23 dp[s]=101 all[s]=512 p[s]=88
tmp=1
p[24]=1000000006 all[0]=1 cross[24]=0
dp[24]=3
t=3
0 1 0
t=3 in[t]=21 cnt=1
p[16]=1 all[8]=1 cross[16]=1
dp[24]=1
t=4
0 0 0
t=4 in[t]=3 cnt=0
p[8]=1 all[16]=1 cross[8]=0
dp[24]=0
S=24 dp[s]=0 all[s]=2 p[s]=1000000006
tmp=5
p[25]=1000000006 all[0]=1 cross[25]=0
dp[25]=33
t=0
0 2 0
t=0 in[t]=30 cnt=2
p[24]=1000000006 all[1]=1 cross[24]=2
dp[25]=37
t=3
0 2 0
t=3 in[t]=21 cnt=2
p[17]=0 all[8]=1 cross[17]=2
dp[25]=37
t=0
2 1 1
t=0 in[t]=30 cnt=1
p[16]=1 all[9]=4 cross[16]=2
dp[25]=21
t=4
0 1 0
t=4 in[t]=3 cnt=1
p[9]=0 all[16]=1 cross[9]=1
dp[25]=21
t=0
1 1 1
t=0 in[t]=30 cnt=1
p[8]=1 all[17]=4 cross[8]=1
dp[25]=13
t=3
1 1 0
t=3 in[t]=21 cnt=1
p[1]=1 all[24]=2 cross[1]=2
dp[25]=5
S=25 dp[s]=5 all[s]=32 p[s]=4
tmp=3
p[26]=1 all[0]=1 cross[26]=0
dp[26]=7
t=1
0 1 0
t=1 in[t]=13 cnt=1
p[24]=1000000006 all[2]=1 cross[24]=1
dp[26]=9
t=3
0 1 0
t=3 in[t]=21 cnt=1
p[18]=1000000006 all[8]=1 cross[18]=1
dp[26]=11
t=1
1 0 0
t=1 in[t]=13 cnt=0
p[16]=1 all[10]=2 cross[16]=1
dp[26]=7
t=4
0 1 0
t=4 in[t]=3 cnt=1
p[10]=1000000006 all[16]=1 cross[10]=1
dp[26]=9
t=1
1 1 1
t=1 in[t]=13 cnt=1
p[8]=1 all[18]=2 cross[8]=1
dp[26]=5
t=3
1 0 0
t=3 in[t]=21 cnt=0
p[2]=1 all[24]=2 cross[2]=1
dp[26]=1
S=26 dp[s]=1 all[s]=8 p[s]=2
tmp=9
p[27]=999999993 all[0]=1 cross[27]=0
dp[27]=526
t=0
0 3 0
t=0 in[t]=30 cnt=3
p[26]=2 all[1]=1 cross[26]=3
dp[27]=510
t=1
0 2 0
t=1 in[t]=13 cnt=2
p[25]=4 all[2]=1 cross[25]=2
dp[27]=494
t=0
2 2 1
t=0 in[t]=30 cnt=2
p[24]=1000000006 all[3]=4 cross[24]=3
dp[27]=526
t=3
0 2 0
t=3 in[t]=21 cnt=2
p[19]=4 all[8]=1 cross[19]=2
dp[27]=510
t=0
2 2 1
t=0 in[t]=30 cnt=2
p[18]=1000000006 all[9]=4 cross[18]=3
dp[27]=542
t=1
2 1 0
t=1 in[t]=13 cnt=1
p[17]=0 all[10]=2 cross[17]=3
dp[27]=542
t=0
3 1 2
t=0 in[t]=30 cnt=1
p[16]=1 all[11]=32 cross[16]=2
dp[27]=414
t=4
0 2 0
t=4 in[t]=3 cnt=2
p[11]=4 all[16]=1 cross[11]=2
dp[27]=398
t=0
2 2 1
t=0 in[t]=30 cnt=2
p[10]=1000000006 all[17]=4 cross[10]=3
dp[27]=430
t=1
2 2 1
t=1 in[t]=13 cnt=2
p[9]=0 all[18]=2 cross[9]=3
dp[27]=430
t=0
3 1 2
t=0 in[t]=30 cnt=1
p[8]=1 all[19]=32 cross[8]=2
dp[27]=302
t=3
2 1 0
t=3 in[t]=21 cnt=1
p[3]=0 all[24]=2 cross[3]=3
dp[27]=302
t=0
3 1 2
t=0 in[t]=30 cnt=1
p[2]=1 all[25]=32 cross[2]=2
dp[27]=174
t=1
3 1 1
t=1 in[t]=13 cnt=1
p[1]=1 all[26]=8 cross[1]=3
dp[27]=110
S=27 dp[s]=110 all[s]=512 p[s]=96
tmp=4
p[28]=0 all[0]=1 cross[28]=0
dp[28]=16
t=2
0 2 0
t=2 in[t]=26 cnt=2
p[24]=1000000006 all[4]=1 cross[24]=2
dp[28]=20
t=3
0 2 0
t=3 in[t]=21 cnt=2
p[20]=1000000006 all[8]=1 cross[20]=2
dp[28]=24
t=2
2 1 1
t=2 in[t]=26 cnt=1
p[16]=1 all[12]=4 cross[16]=2
dp[28]=8
t=4
0 0 0
t=4 in[t]=3 cnt=0
p[12]=0 all[16]=1 cross[12]=0
dp[28]=8
t=2
0 1 0
t=2 in[t]=26 cnt=1
p[8]=1 all[20]=2 cross[8]=1
dp[28]=4
t=3
0 1 0
t=3 in[t]=21 cnt=1
p[4]=1 all[24]=2 cross[4]=1
dp[28]=0
S=28 dp[s]=0 all[s]=16 p[s]=0
tmp=9
p[29]=999999996 all[0]=1 cross[29]=0
dp[29]=523
t=0
0 3 0
t=0 in[t]=30 cnt=3
p[28]=0 all[1]=1 cross[28]=3
dp[29]=523
t=2
0 2 0
t=2 in[t]=26 cnt=2
p[25]=4 all[4]=1 cross[25]=2
dp[29]=507
t=0
2 2 0
t=0 in[t]=30 cnt=2
p[24]=1000000006 all[5]=2 cross[24]=4
dp[29]=539
t=3
0 3 0
t=3 in[t]=21 cnt=3
p[21]=2 all[8]=1 cross[21]=3
dp[29]=523
t=0
3 2 1
t=0 in[t]=30 cnt=2
p[20]=1000000006 all[9]=4 cross[20]=4
dp[29]=587
t=2
3 1 1
t=2 in[t]=26 cnt=1
p[17]=0 all[12]=4 cross[17]=3
dp[29]=587
t=0
3 1 1
t=0 in[t]=30 cnt=1
p[16]=1 all[13]=32 cross[16]=3
dp[29]=331
t=4
0 1 0
t=4 in[t]=3 cnt=1
p[13]=4 all[16]=1 cross[13]=1
dp[29]=323
t=0
1 2 1
t=0 in[t]=30 cnt=2
p[12]=0 all[17]=4 cross[12]=2
dp[29]=323
t=2
1 1 0
t=2 in[t]=26 cnt=1
p[9]=0 all[20]=2 cross[9]=2
dp[29]=323
t=0
2 1 1
t=0 in[t]=30 cnt=1
p[8]=1 all[21]=16 cross[8]=2
dp[29]=259
t=3
1 2 0
t=3 in[t]=21 cnt=2
p[5]=1000000006 all[24]=2 cross[5]=3
dp[29]=275
t=0
3 1 2
t=0 in[t]=30 cnt=1
p[4]=1 all[25]=32 cross[4]=2
dp[29]=147
t=2
3 0 1
t=2 in[t]=26 cnt=0
p[1]=1 all[28]=16 cross[1]=2
dp[29]=83
S=29 dp[s]=83 all[s]=512 p[s]=72
tmp=8
p[30]=1000000000 all[0]=1 cross[30]=0
dp[30]=263
t=1
0 2 0
t=1 in[t]=13 cnt=2
p[28]=0 all[2]=1 cross[28]=2
dp[30]=263
t=2
0 3 0
t=2 in[t]=26 cnt=3
p[26]=2 all[4]=1 cross[26]=3
dp[30]=247
t=1
3 1 1
t=1 in[t]=13 cnt=1
p[24]=1000000006 all[6]=4 cross[24]=3
dp[30]=279
t=3
0 2 0
t=3 in[t]=21 cnt=2
p[22]=2 all[8]=1 cross[22]=2
dp[30]=271
t=1
2 1 0
t=1 in[t]=13 cnt=1
p[20]=1000000006 all[10]=2 cross[20]=3
dp[30]=287
t=2
2 2 1
t=2 in[t]=26 cnt=2
p[18]=1000000006 all[12]=4 cross[18]=3
dp[30]=319
t=1
3 0 1
t=1 in[t]=13 cnt=0
p[16]=1 all[14]=32 cross[16]=2
dp[30]=191
t=4
0 1 0
t=4 in[t]=3 cnt=1
p[14]=4 all[16]=1 cross[14]=1
dp[30]=183
t=1
1 2 1
t=1 in[t]=13 cnt=2
p[12]=0 all[18]=2 cross[12]=2
dp[30]=183
t=2
1 2 0
t=2 in[t]=26 cnt=2
p[10]=1000000006 all[20]=2 cross[10]=3
dp[30]=199
t=1
3 1 2
t=1 in[t]=13 cnt=1
p[8]=1 all[22]=16 cross[8]=2
dp[30]=135
t=3
1 1 0
t=3 in[t]=21 cnt=1
p[6]=0 all[24]=2 cross[6]=2
dp[30]=135
t=1
2 1 1
t=1 in[t]=13 cnt=1
p[4]=1 all[26]=8 cross[4]=2
dp[30]=103
t=2
2 1 1
t=2 in[t]=26 cnt=1
p[2]=1 all[28]=16 cross[2]=2
dp[30]=39
S=30 dp[s]=39 all[s]=256 p[s]=32
tmp=15
p[31]=999999449 all[0]=1 cross[31]=0
dp[31]=33326
t=0
0 4 0
t=0 in[t]=30 cnt=4
p[30]=32 all[1]=1 cross[30]=4
dp[31]=32814
t=1
0 3 0
t=1 in[t]=13 cnt=3
p[29]=72 all[2]=1 cross[29]=3
dp[31]=32238
t=0
3 3 1
t=0 in[t]=30 cnt=3
p[28]=0 all[3]=4 cross[28]=5
dp[31]=32238
t=2
0 3 0
t=2 in[t]=26 cnt=3
p[27]=96 all[4]=1 cross[27]=3
dp[31]=31470
t=0
3 3 0
t=0 in[t]=30 cnt=3
p[26]=2 all[5]=2 cross[26]=6
dp[31]=31214
t=1
3 2 1
t=1 in[t]=13 cnt=2
p[25]=4 all[6]=4 cross[25]=4
dp[31]=30958
t=0
4 2 1
t=0 in[t]=30 cnt=2
p[24]=1000000006 all[7]=32 cross[24]=5
dp[31]=31982
t=3
0 3 0
t=3 in[t]=21 cnt=3
p[23]=88 all[8]=1 cross[23]=3
dp[31]=31278
t=0
3 3 1
t=0 in[t]=30 cnt=3
p[22]=2 all[9]=4 cross[22]=5
dp[31]=31022
t=1
3 2 0
t=1 in[t]=13 cnt=2
p[21]=2 all[10]=2 cross[21]=5
dp[31]=30894
t=0
5 2 2
t=0 in[t]=30 cnt=2
p[20]=1000000006 all[11]=32 cross[20]=5
dp[31]=31918
t=2
3 2 1
t=2 in[t]=26 cnt=2
p[19]=4 all[12]=4 cross[19]=4
dp[31]=31662
t=0
4 2 1
t=0 in[t]=30 cnt=2
p[18]=1000000006 all[13]=32 cross[18]=5
dp[31]=32686
t=1
4 1 1
t=1 in[t]=13 cnt=1
p[17]=0 all[14]=32 cross[17]=4
dp[31]=32686
t=0
4 1 2
t=0 in[t]=30 cnt=1
p[16]=1 all[15]=1024 cross[16]=3
dp[31]=24494
t=4
0 2 0
t=4 in[t]=3 cnt=2
p[15]=224 all[16]=1 cross[15]=2
dp[31]=23598
t=0
2 3 1
t=0 in[t]=30 cnt=3
p[14]=4 all[17]=4 cross[14]=4
dp[31]=23342
t=1
2 3 1
t=1 in[t]=13 cnt=3
p[13]=4 all[18]=2 cross[13]=4
dp[31]=23214
t=0
4 2 2
t=0 in[t]=30 cnt=2
p[12]=0 all[19]=32 cross[12]=4
dp[31]=23214
t=2
2 2 0
t=2 in[t]=26 cnt=2
p[11]=4 all[20]=2 cross[11]=4
dp[31]=23086
t=0
4 2 1
t=0 in[t]=30 cnt=2
p[10]=1000000006 all[21]=16 cross[10]=5
dp[31]=23598
t=1
4 2 2
t=1 in[t]=13 cnt=2
p[9]=0 all[22]=16 cross[9]=4
dp[31]=23598
t=0
4 1 2
t=0 in[t]=30 cnt=1
p[8]=1 all[23]=512 cross[8]=3
dp[31]=19502
t=3
2 2 0
t=3 in[t]=21 cnt=2
p[7]=4 all[24]=2 cross[7]=4
dp[31]=19374
t=0
4 2 2
t=0 in[t]=30 cnt=2
p[6]=0 all[25]=32 cross[6]=4
dp[31]=19374
t=1
4 2 1
t=1 in[t]=13 cnt=2
p[5]=1000000006 all[26]=8 cross[5]=5
dp[31]=19630
t=0
5 1 3
t=0 in[t]=30 cnt=1
p[4]=1 all[27]=512 cross[4]=3
dp[31]=15534
t=2
4 1 1
t=2 in[t]=26 cnt=1
p[3]=0 all[28]=16 cross[3]=4
dp[31]=15534
t=0
4 1 2
t=0 in[t]=30 cnt=1
p[2]=1 all[29]=512 cross[2]=3
dp[31]=11438
t=1
4 1 2
t=1 in[t]=13 cnt=1
p[1]=1 all[30]=256 cross[1]=3
dp[31]=9390
S=31 dp[s]=9390 all[s]=32768 p[s]=8832
9390
