760
1 197
3 3308
5 525
6 2188
23 1723
24 2667
32 2754
33 3144
39 2530
40 2551
41 559
52 428
54 1167
56 1134
58 1179
72 2112
74 218
75 2589
76 3141
77 2629
83 2033
84 216
93 3228
107 191
118 2348
119 2748
149 3347
157 699
165 1557
167 1862
171 3011
172 1004
175 740
176 316
176 2383
177 1366
183 1519
185 3165
189 1566
195 823
206 1058
206 2241
210 3319
227 1470
230 2250
233 1338
235 1228
242 2185
244 2133
247 2621
252 1071
254 2767
255 1069
261 426
261 3560
266 2559
269 2364
276 3384
278 3296
297 47
299 2945
300 1180
306 1419
308 3546
318 2412
320 1689
324 2333
331 424
336 1336
344 57
346 1200
352 1302
355 2266
359 1776
361 809
368 955
369 3639
375 249
385 942
391 1323
400 2570
402 253
404 307
410 2661
411 3107
427 640
431 2431
441 910
445 3283
449 3630
455 583
459 2926
473 1156
488 2216
490 759
497 3353
499 3201
501 653
501 2766
503 2709
511 1642
520 1947
528 1056
533 1526
544 3253
550 295
554 2493
562 1710
577 2764
593 2600
602 3617
604 1253
604 1774
607 983
622 619
623 900
625 1293
632 3304
635 695
644 1409
649 1176
651 2668
652 3018
660 491
663 294
664 508
664 2954
666 3098
674 3600
680 1998
691 2637
696 2139
697 1450
701 2796
708 615
712 2909
715 3177
719 1285
721 1803
734 954
739 2223
749 798
750 1492
753 2431
754 1591
761 1356
766 787
775 1695
785 3321
791 874
792 3296
808 559
811 823
819 773
831 2117
832 66
835 1615
837 3406
838 231
843 2806
846 1387
854 526
861 1021
862 1849
866 389
868 3522
870 484
870 2782
878 3465
881 3308
883 1007
888 2827
895 2090
899 389
911 1049
919 2672
920 1716
926 2279
933 2996
938 1581
938 2813
947 765
948 406
949 2288
960 1130
961 3308
972 187
975 848
978 571
979 147
981 2683
987 2292
992 655
999 1483
1001 3075
1002 916
1008 351
1015 1658
1016 103
1016 3360
1025 2116
1026 2893
1030 156
1034 585
1041 319
1048 1879
1050 1786
1051 238
1059 3036
1065 1577
1084 1435
1087 2844
1088 744
1090 1832
1091 3227
1092 3347
1095 1585
1096 3113
1099 522
1102 1771
1105 1275
1108 1443
1108 1456
1110 1089
1112 3170
1114 412
1116 2079
1122 494
1127 2571
1136 2043
1144 1825
1153 34
1155 1679
1160 2715
1166 2906
1177 2382
1188 2328
1197 462
1201 447
1203 3035
1207 1282
1215 1338
1223 2024
1226 1811
1238 2996
1243 777
1244 2003
1244 3565
1251 1478
1254 2130
1264 3595
1266 1206
1274 2543
1283 2101
1290 469
1292 3471
1295 3235
1296 2120
1298 1676
1299 3240
1305 2061
1306 1597
1306 2339
1310 608
1311 598
1311 1010
1314 2263
1319 2175
1324 616
1327 783
1328 3639
1333 2135
1335 2390
1337 1331
1347 1208
1354 2687
1362 713
1367 1752
1370 2541
1372 3523
1377 783
1379 1572
1384 1972
1385 1219
1388 489
1388 1052
1389 3502
1392 2747
1399 1959
1407 2780
1412 1120
1420 1134
1425 3518
1427 1113
1428 2621
1430 483
1437 12
1438 991
1442 1018
1444 1275
1446 291
1446 3543
1447 1528
1452 1135
1462 193
1468 2717
1472 2928
1473 689
1474 1969
1480 2305
1481 248
1484 2678
1486 3124
1489 1139
1509 2033
1529 1943
1533 1082
1537 2257
1538 1693
1540 2393
1548 2055
1556 327
1567 2577
1568 2534
1571 2526
1576 1098
1588 1060
1598 1991
1600 1190
1603 3347
1608 1431
1609 2526
1612 1014
1612 3186
1624 3454
1628 2361
1634 2138
1636 2296
1637 280
1639 2539
1649 2920
1656 3399
1661 3170
1668 3552
1669 3022
1671 3403
1677 1315
1692 1974
1696 1589
1698 3202
1700 1419
1701 2279
1702 419
1703 30
1704 2053
1705 2912
1712 2065
1714 1505
1735 2645
1737 2870
1738 115
1739 2037
1745 592
1746 1470
1754 2562
1757 935
1758 3347
1760 2796
1763 3169
1768 515
1782 1378
1789 1390
1798 842
1798 994
1807 1658
1814 3290
1817 1992
1820 1198
1826 92
1828 2950
1830 541
1831 1645
1836 1150
1837 611
1840 1796
1844 34
1858 807
1859 1787
1859 3224
1860 725
1868 1318
1871 1615
1872 500
1873 340
1873 3174
1875 1933
1882 2961
1898 1693
1902 514
1907 2239
1911 3304
1915 2227
1916 706
1917 221
1919 3453
1931 2637
1936 3239
1937 702
1940 1007
1950 2353
1954 3441
1968 991
1970 356
1976 3639
1977 1733
1984 236
1999 2266
2000 2389
2006 1707
2009 1822
2010 3493
2012 951
2014 834
2021 1853
2027 850
2029 2242
2030 1884
2034 1028
2039 3559
2056 428
2059 2718
2059 2985
2060 2721
2062 3229
2066 1935
2071 3485
2072 2067
2081 260
2092 3459
2100 1478
2103 2961
2109 871
2125 2934
2131 142
2142 682
2143 2664
2144 679
2145 778
2146 2022
2148 1212
2156 2631
2157 2856
2159 912
2164 2161
2165 2653
2170 2610
2171 470
2171 2093
2177 588
2178 1547
2184 1525
2184 2697
2189 85
2189 873
2191 1353
2198 2725
2198 3272
2202 1183
2205 3598
2210 3506
2217 636
2218 100
2219 2483
2229 3445
2235 3008
2243 1723
2247 1280
2247 3002
2251 2497
2267 1293
2278 1341
2281 2542
2289 2515
2290 852
2299 1196
2308 2049
2313 1978
2314 1725
2315 357
2318 2237
2320 650
2321 2388
2322 2044
2323 1587
2326 2907
2337 1662
2343 332
2344 135
2354 2335
2356 1595
2357 1236
2362 3176
2363 2545
2367 2240
2371 727
2385 2291
2387 3431
2400 3043
2401 2032
2418 844
2421 2
2423 1216
2424 1961
2435 2779
2439 414
2444 2474
2458 790
2465 329
2467 566
2468 2993
2476 2420
2477 214
2501 679
2508 1863
2510 1684
2511 264
2519 3555
2521 3328
2524 3473
2527 1566
2528 893
2531 757
2535 2480
2538 1279
2547 2848
2549 2381
2555 540
2558 2604
2564 703
2565 713
2568 110
2574 904
2580 1564
2583 2916
2585 747
2590 1341
2593 1910
2597 1260
2602 2375
2625 463
2626 1517
2627 259
2638 2466
2641 2723
2656 114
2671 2712
2695 569
2700 1129
2700 3210
2704 1759
2706 930
2707 1938
2711 1983
2728 670
2734 2480
2738 2923
2739 683
2749 3512
2760 3110
2769 2951
2774 2448
2776 2149
2777 82
2788 1550
2789 1013
2791 816
2792 3203
2795 1289
2797 540
2798 682
2799 1772
2800 174
2802 1406
2803 700
2804 3429
2807 435
2808 2491
2830 1449
2831 479
2832 3616
2833 1906
2836 1613
2837 1363
2838 1992
2840 641
2840 3437
2841 1599
2849 648
2853 3345
2869 2186
2875 3308
2882 1569
2884 2588
2885 548
2895 2095
2898 2067
2899 1326
2902 3463
2919 3448
2925 209
2933 377
2933 1261
2938 1519
2942 57
2943 518
2956 2106
2958 186
2959 2940
2965 2414
2967 1409
2968 1906
2971 1278
2972 2878
2980 1353
2981 1135
2991 1682
2992 3435
2994 3509
2999 2620
3000 3623
3005 3556
3013 1256
3016 2686
3017 859
3025 225
3029 3099
3032 2061
3040 532
3044 1753
3046 474
3048 114
3052 679
3057 995
3059 2886
3059 3568
3065 108
3067 1230
3070 1218
3077 1494
3081 2819
3088 2755
3089 492
3104 3234
3106 1681
3109 1752
3112 3183
3117 1172
3121 2384
3123 1458
3127 1561
3129 1469
3130 658
3137 813
3138 1178
3153 3549
3158 1322
3161 2162
3188 551
3189 1682
3195 2396
3196 3146
3205 3385
3212 2896
3214 2548
3215 1557
3222 2618
3223 922
3225 1027
3231 2846
3232 541
3241 3440
3242 464
3257 341
3266 2052
3268 250
3270 1495
3271 3458
3273 3042
3275 2536
3276 1616
3277 2496
3286 1720
3287 3166
3293 2280
3294 3054
3312 3477
3313 519
3316 1551
3326 694
3333 1440
3342 1275
3348 132
3349 1302
3352 2770
3359 2936
3362 2209
3364 3428
3373 1415
3380 741
3407 2904
3411 1170
3413 3346
3420 1349
3420 3393
3432 946
3434 679
3439 2123
3451 1275
3452 46
3464 1131
3466 91
3474 3458
3476 1210
3479 2438
3482 3314
3486 1300
3488 615
3490 3092
3492 3019
3495 582
3498 1988
3503 3630
3513 2160
3517 3006
3520 826
3524 954
3533 1513
3537 1488
3544 2863
3551 515
3557 49
3561 1232
3563 2114
3569 2756
3572 2532
3573 989
3574 3540
3576 3639
3578 1969
3580 2619
3582 2662
3588 295
3602 2941
3611 3357
3612 1175
3613 1383
3627 1543
3633 1317
3635 3019
3640 1559
