i=0
f[1][-5]=0 <- f[0][0]=0+0
f[1][5]=1 <- f[0][0]=0+1
i=1
f[2][0]=0 <- f[1][-5]=0+0
f[2][-10]=1 <- f[1][-5]=0+1
f[2][10]=1 <- f[1][5]=1+0
f[2][0]=0 <- f[1][5]=1+1
i=2
f[3][-15]=1 <- f[2][-10]=1+0
f[3][-5]=2 <- f[2][-10]=1+1
f[3][-5]=0 <- f[2][0]=0+0
f[3][5]=1 <- f[2][0]=0+1
f[3][5]=1 <- f[2][10]=1+0
f[3][15]=2 <- f[2][10]=1+1
i=3
f[4][-18]=1 <- f[3][-15]=1+0
f[4][-12]=2 <- f[3][-15]=1+1
f[4][-8]=0 <- f[3][-5]=0+0
f[4][-2]=1 <- f[3][-5]=0+1
f[4][2]=1 <- f[3][5]=1+0
f[4][8]=2 <- f[3][5]=1+1
f[4][12]=2 <- f[3][15]=2+0
f[4][18]=3 <- f[3][15]=2+1
i=4
f[5][-16]=1 <- f[4][-18]=1+0
f[5][-20]=2 <- f[4][-18]=1+1
f[5][-10]=2 <- f[4][-12]=2+0
f[5][-14]=3 <- f[4][-12]=2+1
f[5][-6]=0 <- f[4][-8]=0+0
f[5][-10]=1 <- f[4][-8]=0+1
f[5][0]=1 <- f[4][-2]=1+0
f[5][-4]=2 <- f[4][-2]=1+1
f[5][4]=1 <- f[4][2]=1+0
f[5][0]=1 <- f[4][2]=1+1
f[5][10]=2 <- f[4][8]=2+0
f[5][6]=3 <- f[4][8]=2+1
f[5][14]=2 <- f[4][12]=2+0
f[5][10]=2 <- f[4][12]=2+1
f[5][20]=3 <- f[4][18]=3+0
f[5][16]=4 <- f[4][18]=3+1
i=5
f[6][-23]=2 <- f[5][-20]=2+0
f[6][-17]=3 <- f[5][-20]=2+1
f[6][-19]=1 <- f[5][-16]=1+0
f[6][-13]=2 <- f[5][-16]=1+1
f[6][-17]=3 <- f[5][-14]=3+0
f[6][-11]=4 <- f[5][-14]=3+1
f[6][-13]=1 <- f[5][-10]=1+0
f[6][-7]=2 <- f[5][-10]=1+1
f[6][-9]=0 <- f[5][-6]=0+0
f[6][-3]=1 <- f[5][-6]=0+1
f[6][-7]=2 <- f[5][-4]=2+0
f[6][-1]=3 <- f[5][-4]=2+1
f[6][-3]=1 <- f[5][0]=1+0
f[6][3]=2 <- f[5][0]=1+1
f[6][1]=1 <- f[5][4]=1+0
f[6][7]=2 <- f[5][4]=1+1
f[6][3]=2 <- f[5][6]=3+0
f[6][9]=4 <- f[5][6]=3+1
f[6][7]=2 <- f[5][10]=2+0
f[6][13]=3 <- f[5][10]=2+1
f[6][11]=2 <- f[5][14]=2+0
f[6][17]=3 <- f[5][14]=2+1
f[6][13]=3 <- f[5][16]=4+0
f[6][19]=5 <- f[5][16]=4+1
f[6][17]=3 <- f[5][20]=3+0
f[6][23]=4 <- f[5][20]=3+1
i=6
f[7][-20]=2 <- f[6][-23]=2+0
f[7][-26]=3 <- f[6][-23]=2+1
f[7][-16]=1 <- f[6][-19]=1+0
f[7][-22]=2 <- f[6][-19]=1+1
f[7][-14]=3 <- f[6][-17]=3+0
f[7][-20]=2 <- f[6][-17]=3+1
f[7][-10]=1 <- f[6][-13]=1+0
f[7][-16]=1 <- f[6][-13]=1+1
f[7][-8]=4 <- f[6][-11]=4+0
f[7][-14]=3 <- f[6][-11]=4+1
f[7][-6]=0 <- f[6][-9]=0+0
f[7][-12]=1 <- f[6][-9]=0+1
f[7][-4]=2 <- f[6][-7]=2+0
f[7][-10]=1 <- f[6][-7]=2+1
f[7][0]=1 <- f[6][-3]=1+0
f[7][-6]=0 <- f[6][-3]=1+1
f[7][2]=3 <- f[6][-1]=3+0
f[7][-4]=2 <- f[6][-1]=3+1
f[7][4]=1 <- f[6][1]=1+0
f[7][-2]=2 <- f[6][1]=1+1
f[7][6]=2 <- f[6][3]=2+0
f[7][0]=1 <- f[6][3]=2+1
f[7][10]=2 <- f[6][7]=2+0
f[7][4]=1 <- f[6][7]=2+1
f[7][12]=4 <- f[6][9]=4+0
f[7][6]=2 <- f[6][9]=4+1
f[7][14]=2 <- f[6][11]=2+0
f[7][8]=3 <- f[6][11]=2+1
f[7][16]=3 <- f[6][13]=3+0
f[7][10]=2 <- f[6][13]=3+1
f[7][20]=3 <- f[6][17]=3+0
f[7][14]=2 <- f[6][17]=3+1
f[7][22]=5 <- f[6][19]=5+0
f[7][16]=3 <- f[6][19]=5+1
f[7][26]=4 <- f[6][23]=4+0
f[7][20]=3 <- f[6][23]=4+1
i=7
f[8][-25]=3 <- f[7][-26]=3+0
f[8][-27]=4 <- f[7][-26]=3+1
f[8][-21]=2 <- f[7][-22]=2+0
f[8][-23]=3 <- f[7][-22]=2+1
f[8][-19]=2 <- f[7][-20]=2+0
f[8][-21]=2 <- f[7][-20]=2+1
f[8][-15]=1 <- f[7][-16]=1+0
f[8][-17]=2 <- f[7][-16]=1+1
f[8][-13]=3 <- f[7][-14]=3+0
f[8][-15]=1 <- f[7][-14]=3+1
f[8][-11]=1 <- f[7][-12]=1+0
f[8][-13]=2 <- f[7][-12]=1+1
f[8][-9]=1 <- f[7][-10]=1+0
f[8][-11]=1 <- f[7][-10]=1+1
f[8][-7]=4 <- f[7][-8]=4+0
f[8][-9]=1 <- f[7][-8]=4+1
f[8][-5]=0 <- f[7][-6]=0+0
f[8][-7]=1 <- f[7][-6]=0+1
f[8][-3]=2 <- f[7][-4]=2+0
f[8][-5]=0 <- f[7][-4]=2+1
f[8][-1]=2 <- f[7][-2]=2+0
f[8][-3]=2 <- f[7][-2]=2+1
f[8][1]=1 <- f[7][0]=1+0
f[8][-1]=2 <- f[7][0]=1+1
f[8][3]=3 <- f[7][2]=3+0
f[8][1]=1 <- f[7][2]=3+1
f[8][5]=1 <- f[7][4]=1+0
f[8][3]=2 <- f[7][4]=1+1
f[8][7]=2 <- f[7][6]=2+0
f[8][5]=1 <- f[7][6]=2+1
f[8][9]=3 <- f[7][8]=3+0
f[8][7]=2 <- f[7][8]=3+1
f[8][11]=2 <- f[7][10]=2+0
f[8][9]=3 <- f[7][10]=2+1
f[8][13]=4 <- f[7][12]=4+0
f[8][11]=2 <- f[7][12]=4+1
f[8][15]=2 <- f[7][14]=2+0
f[8][13]=3 <- f[7][14]=2+1
f[8][17]=3 <- f[7][16]=3+0
f[8][15]=2 <- f[7][16]=3+1
f[8][21]=3 <- f[7][20]=3+0
f[8][19]=4 <- f[7][20]=3+1
f[8][23]=5 <- f[7][22]=5+0
f[8][21]=3 <- f[7][22]=5+1
f[8][27]=4 <- f[7][26]=4+0
f[8][25]=5 <- f[7][26]=4+1
i=8
f[9][-26]=4 <- f[8][-27]=4+0
f[9][-28]=5 <- f[8][-27]=4+1
f[9][-24]=3 <- f[8][-25]=3+0
f[9][-26]=4 <- f[8][-25]=3+1
f[9][-22]=3 <- f[8][-23]=3+0
f[9][-24]=3 <- f[8][-23]=3+1
f[9][-20]=2 <- f[8][-21]=2+0
f[9][-22]=3 <- f[8][-21]=2+1
f[9][-18]=2 <- f[8][-19]=2+0
f[9][-20]=2 <- f[8][-19]=2+1
f[9][-16]=2 <- f[8][-17]=2+0
f[9][-18]=2 <- f[8][-17]=2+1
f[9][-14]=1 <- f[8][-15]=1+0
f[9][-16]=2 <- f[8][-15]=1+1
f[9][-12]=2 <- f[8][-13]=2+0
f[9][-14]=1 <- f[8][-13]=2+1
f[9][-10]=1 <- f[8][-11]=1+0
f[9][-12]=2 <- f[8][-11]=1+1
f[9][-8]=1 <- f[8][-9]=1+0
f[9][-10]=1 <- f[8][-9]=1+1
f[9][-6]=1 <- f[8][-7]=1+0
f[9][-8]=1 <- f[8][-7]=1+1
f[9][-4]=0 <- f[8][-5]=0+0
f[9][-6]=1 <- f[8][-5]=0+1
f[9][-2]=2 <- f[8][-3]=2+0
f[9][-4]=0 <- f[8][-3]=2+1
f[9][0]=2 <- f[8][-1]=2+0
f[9][-2]=2 <- f[8][-1]=2+1
f[9][2]=1 <- f[8][1]=1+0
f[9][0]=2 <- f[8][1]=1+1
f[9][4]=2 <- f[8][3]=2+0
f[9][2]=1 <- f[8][3]=2+1
f[9][6]=1 <- f[8][5]=1+0
f[9][4]=2 <- f[8][5]=1+1
f[9][8]=2 <- f[8][7]=2+0
f[9][6]=1 <- f[8][7]=2+1
f[9][10]=3 <- f[8][9]=3+0
f[9][8]=2 <- f[8][9]=3+1
f[9][12]=2 <- f[8][11]=2+0
f[9][10]=3 <- f[8][11]=2+1
f[9][14]=3 <- f[8][13]=3+0
f[9][12]=2 <- f[8][13]=3+1
f[9][16]=2 <- f[8][15]=2+0
f[9][14]=3 <- f[8][15]=2+1
f[9][18]=3 <- f[8][17]=3+0
f[9][16]=2 <- f[8][17]=3+1
f[9][20]=4 <- f[8][19]=4+0
f[9][18]=3 <- f[8][19]=4+1
f[9][22]=3 <- f[8][21]=3+0
f[9][20]=4 <- f[8][21]=3+1
f[9][24]=5 <- f[8][23]=5+0
f[9][22]=3 <- f[8][23]=5+1
f[9][26]=5 <- f[8][25]=5+0
f[9][24]=5 <- f[8][25]=5+1
f[9][28]=4 <- f[8][27]=4+0
f[9][26]=5 <- f[8][27]=4+1
i=9
f[10][-24]=5 <- f[9][-28]=5+0
f[10][-32]=6 <- f[9][-28]=5+1
f[10][-22]=4 <- f[9][-26]=4+0
f[10][-30]=5 <- f[9][-26]=4+1
f[10][-20]=3 <- f[9][-24]=3+0
f[10][-28]=4 <- f[9][-24]=3+1
f[10][-18]=3 <- f[9][-22]=3+0
f[10][-26]=4 <- f[9][-22]=3+1
f[10][-16]=2 <- f[9][-20]=2+0
f[10][-24]=3 <- f[9][-20]=2+1
f[10][-14]=2 <- f[9][-18]=2+0
f[10][-22]=3 <- f[9][-18]=2+1
f[10][-12]=2 <- f[9][-16]=2+0
f[10][-20]=3 <- f[9][-16]=2+1
f[10][-10]=1 <- f[9][-14]=1+0
f[10][-18]=2 <- f[9][-14]=1+1
f[10][-8]=2 <- f[9][-12]=2+0
f[10][-16]=2 <- f[9][-12]=2+1
f[10][-6]=1 <- f[9][-10]=1+0
f[10][-14]=2 <- f[9][-10]=1+1
f[10][-4]=1 <- f[9][-8]=1+0
f[10][-12]=2 <- f[9][-8]=1+1
f[10][-2]=1 <- f[9][-6]=1+0
f[10][-10]=1 <- f[9][-6]=1+1
f[10][0]=0 <- f[9][-4]=0+0
f[10][-8]=1 <- f[9][-4]=0+1
f[10][2]=2 <- f[9][-2]=2+0
f[10][-6]=1 <- f[9][-2]=2+1
f[10][4]=2 <- f[9][0]=2+0
f[10][-4]=1 <- f[9][0]=2+1
f[10][6]=1 <- f[9][2]=1+0
f[10][-2]=1 <- f[9][2]=1+1
f[10][8]=2 <- f[9][4]=2+0
f[10][0]=0 <- f[9][4]=2+1
f[10][10]=1 <- f[9][6]=1+0
f[10][2]=2 <- f[9][6]=1+1
f[10][12]=2 <- f[9][8]=2+0
f[10][4]=2 <- f[9][8]=2+1
f[10][14]=3 <- f[9][10]=3+0
f[10][6]=1 <- f[9][10]=3+1
f[10][16]=2 <- f[9][12]=2+0
f[10][8]=2 <- f[9][12]=2+1
f[10][18]=3 <- f[9][14]=3+0
f[10][10]=1 <- f[9][14]=3+1
f[10][20]=2 <- f[9][16]=2+0
f[10][12]=2 <- f[9][16]=2+1
f[10][22]=3 <- f[9][18]=3+0
f[10][14]=3 <- f[9][18]=3+1
f[10][24]=4 <- f[9][20]=4+0
f[10][16]=2 <- f[9][20]=4+1
f[10][26]=3 <- f[9][22]=3+0
f[10][18]=3 <- f[9][22]=3+1
f[10][28]=5 <- f[9][24]=5+0
f[10][20]=2 <- f[9][24]=5+1
f[10][30]=5 <- f[9][26]=5+0
f[10][22]=3 <- f[9][26]=5+1
f[10][32]=4 <- f[9][28]=4+0
f[10][24]=4 <- f[9][28]=4+1
i=0
0
