len=20
i=20
250085 500170 
i=19
125042 238026 250085 
i=18
62521 106954 119013 125042 
i=17
31260 41418 53477 59506 62521 
i=16
8650 15630 20709 26738 29753 31260 
i=15
4325 7815 8650 10354 13369 14876 15630 
i=14
458 2162 3907 4325 5177 6684 7438 7815 
i=13
229 458 1081 1953 2162 2588 3342 3719 3907 
i=12
114 229 458 540 976 1081 1294 1671 1859 1953 
i=11
57 114 229 270 458 488 540 647 835 929 976 
i=10
28 57 114 135 229 244 270 323 417 458 464 488 
i=9
14 28 57 67 114 122 135 161 202 208 229 232 244 
i=8
7 14 28 33 57 61 67 74 80 101 104 114 116 122 
i=7
3 7 10 14 16 28 30 33 37 40 50 52 57 58 61 
i=6
1 3 5 7 8 10 14 15 16 18 20 25 26 28 29 30 
i=5
0 1 2 3 4 5 7 8 9 10 12 13 14 15 
i=4
0 1 2 3 4 5 6 7 
i=3
0110