ID[0][0][0][4]=1
ID[0][0][1][3]=2
ID[0][0][2][2]=3
ID[0][0][3][1]=4
ID[0][0][4][0]=5
ID[0][1][0][3]=6
ID[0][1][1][2]=7
ID[0][1][2][1]=8
ID[0][1][3][0]=9
ID[0][2][0][2]=10
ID[0][2][1][1]=11
ID[0][2][2][0]=12
ID[0][3][0][1]=13
ID[0][3][1][0]=14
ID[0][4][0][0]=15
ID[1][0][0][3]=16
ID[1][0][1][2]=17
ID[1][0][2][1]=18
ID[1][0][3][0]=19
ID[1][1][0][2]=20
ID[1][1][1][1]=21
ID[1][1][2][0]=22
ID[1][2][0][1]=23
ID[1][2][1][0]=24
ID[1][3][0][0]=25
ID[2][0][0][2]=26
ID[2][0][1][1]=27
ID[2][0][2][0]=28
ID[2][1][0][1]=29
ID[2][1][1][0]=30
ID[2][2][0][0]=31
ID[3][0][0][1]=32
ID[3][0][1][0]=33
ID[3][1][0][0]=34
ID[4][0][0][0]=35
f[1][1]=-1073741823
f[1][2]=-1073741823
f[1][3]=-1073741823
f[1][4]=-1073741823
f[1][5]=-1073741823
f[1][6]=-1073741823
f[1][7]=-1073741823
f[1][8]=-1073741823
f[1][9]=-1073741823
f[1][10]=-1073741823
f[1][11]=-1073741823
f[1][12]=-1073741823
f[1][13]=-1073741823
f[1][14]=-1073741823
f[1][15]=-1073741823
f[1][16]=-1073741823
f[1][17]=-1073741823
f[1][18]=-1073741823
f[1][19]=-1073741823
f[1][20]=-1073741823
f[1][21]=-1073741823
f[1][22]=-1073741823
f[1][23]=-1073741823
f[1][24]=-1073741823
f[1][25]=-1073741823
f[1][26]=-1073741823
f[1][27]=-1073741823
f[1][28]=-1073741823
f[1][29]=0
f[1][30]=-1073741823
f[1][31]=-1073741823
f[1][32]=-1073741823
f[1][33]=-1073741823
f[1][34]=-1073741823
f[1][35]=-1073741823
f[2][1]=-1073741823
f[2][2]=-1073741809
f[2][3]=-1073741809
f[2][4]=-1073741809
f[2][5]=-1073741809
f[2][6]=-1073741811
f[2][7]=-1073741809
f[2][8]=-1073741809
f[2][9]=-1073741809
f[2][10]=-1073741811
f[2][11]=-1073741809
f[2][12]=-1073741809
f[2][13]=-1073741811
f[2][14]=-1073741809
f[2][15]=-1073741811
f[2][16]=-1073741697
f[2][17]=-1073741697
f[2][18]=-1073741697
f[2][19]=-1073741697
f[2][20]=-1073741697
f[2][21]=14
f[2][22]=-1073741697
f[2][23]=12
f[2][24]=-1073741697
f[2][25]=-1073741697
f[2][26]=-1073741697
f[2][27]=-1073741697
f[2][28]=-1073741697
f[2][29]=-14
f[2][30]=-1073741697
f[2][31]=-1073741697
f[2][32]=17
f[2][33]=-1073741697
f[2][34]=-1073741697
f[2][35]=-1073741697
f[3][1]=-1073741739
f[3][2]=-1073741739
f[3][3]=-1073741739
f[3][4]=-1073741739
f[3][5]=-1073741804
f[3][6]=-1073741739
f[3][7]=-1073741739
f[3][8]=-1073741739
f[3][9]=-1073741799
f[3][10]=-1073741739
f[3][11]=-1073741739
f[3][12]=-1073741799
f[3][13]=-1073741739
f[3][14]=-1073741799
f[3][15]=-1073741801
f[3][16]=-1073741627
f[3][17]=24
f[3][18]=-1073741627
f[3][19]=-1073741692
f[3][20]=84
f[3][21]=4
f[3][22]=19
f[3][23]=2
f[3][24]=24
f[3][25]=22
f[3][26]=-4
f[3][27]=-1073741627
f[3][28]=-1073741692
f[3][29]=-24
f[3][30]=-9
f[3][31]=-4
f[3][32]=7
f[3][33]=22
f[3][34]=27
f[3][35]=-1073741707
f[4][1]=-1073741759
f[4][2]=-1073741759
f[4][3]=-1073741759
f[4][4]=-1073741759
f[4][5]=-1073741823
f[4][6]=-1073741609
f[4][7]=42
f[4][8]=-1073741609
f[4][9]=-1073741674
f[4][10]=102
f[4][11]=22
f[4][12]=37
f[4][13]=20
f[4][14]=42
f[4][15]=40
f[4][16]=-1073741647
f[4][17]=4
f[4][18]=-1073741647
f[4][19]=-1073741712
f[4][20]=64
f[4][21]=-16
f[4][22]=-1
f[4][23]=-6
f[4][24]=9
f[4][25]=14
f[4][26]=113
f[4][27]=33
f[4][28]=48
f[4][29]=31
f[4][30]=53
f[4][31]=51
f[4][32]=5
f[4][33]=20
f[4][34]=25
f[4][35]=56
f[5][1]=-1073741592
f[5][2]=59
f[5][3]=-1073741592
f[5][4]=-1073741657
f[5][5]=-1073741823
f[5][6]=119
f[5][7]=39
f[5][8]=54
f[5][9]=-1073741689
f[5][10]=87
f[5][11]=59
f[5][12]=22
f[5][13]=107
f[5][14]=27
f[5][15]=25
f[5][16]=81
f[5][17]=58
f[5][18]=16
f[5][19]=-1073741658
f[5][20]=119
f[5][21]=39
f[5][22]=54
f[5][23]=69
f[5][24]=59
f[5][25]=57
f[5][26]=98
f[5][27]=70
f[5][28]=33
f[5][29]=118
f[5][30]=38
f[5][31]=36
f[5][32]=47
f[5][33]=69
f[5][34]=67
f[5][35]=41
f[6][1]=102
f[6][2]=257
f[6][3]=37
f[6][4]=-1073741459
f[6][5]=-1073741625
f[6][6]=140
f[6][7]=237
f[6][8]=252
f[6][9]=-1073741491
f[6][10]=90
f[6][11]=257
f[6][12]=220
f[6][13]=85
f[6][14]=225
f[6][15]=3
f[6][16]=119
f[6][17]=256
f[6][18]=214
f[6][19]=-1073741460
f[6][20]=139
f[6][21]=237
f[6][22]=252
f[6][23]=89
f[6][24]=257
f[6][25]=109
f[6][26]=83
f[6][27]=268
f[6][28]=231
f[6][29]=121
f[6][30]=236
f[6][31]=71
f[6][32]=100
f[6][33]=267
f[6][34]=120
f[6][35]=49
f[7][1]=160
f[7][2]=257
f[7][3]=272
f[7][4]=270
f[7][5]=-1073741473
f[7][6]=347
f[7][7]=277
f[7][8]=275
f[7][9]=238
f[7][10]=327
f[7][11]=342
f[7][12]=267
f[7][13]=347
f[7][14]=310
f[7][15]=315
f[7][16]=159
f[7][17]=257
f[7][18]=272
f[7][19]=270
f[7][20]=346
f[7][21]=304
f[7][22]=275
f[7][23]=327
f[7][24]=342
f[7][25]=347
f[7][26]=141
f[7][27]=256
f[7][28]=254
f[7][29]=358
f[7][30]=321
f[7][31]=326
f[7][32]=140
f[7][33]=252
f[7][34]=357
f[7][35]=34
f[8][1]=143
f[8][2]=366
f[8][3]=296
f[8][4]=294
f[8][5]=283
f[8][6]=342
f[8][7]=359
f[8][8]=361
f[8][9]=288
f[8][10]=362
f[8][11]=366
f[8][12]=355
f[8][13]=427
f[8][14]=360
f[8][15]=395
f[8][16]=359
f[8][17]=374
f[8][18]=372
f[8][19]=294
f[8][20]=379
f[8][21]=377
f[8][22]=361
f[8][23]=444
f[8][24]=369
f[8][25]=427
f[8][26]=359
f[8][27]=377
f[8][28]=372
f[8][29]=406
f[8][30]=377
f[8][31]=444
f[8][32]=358
f[8][33]=376
f[8][34]=423
f[8][35]=354
f[9][1]=124
f[9][2]=480
f[9][3]=410
f[9][4]=408
f[9][5]=397
f[9][6]=323
f[9][7]=473
f[9][8]=475
f[9][9]=402
f[9][10]=343
f[9][11]=480
f[9][12]=469
f[9][13]=408
f[9][14]=474
f[9][15]=376
f[9][16]=480
f[9][17]=488
f[9][18]=486
f[9][19]=408
f[9][20]=473
f[9][21]=491
f[9][22]=475
f[9][23]=480
f[9][24]=483
f[9][25]=474
f[9][26]=488
f[9][27]=491
f[9][28]=486
f[9][29]=491
f[9][30]=491
f[9][31]=483
f[9][32]=491
f[9][33]=490
f[9][34]=491
f[9][35]=490
f[10][1]=506
f[10][2]=467
f[10][3]=483
f[10][4]=423
f[10][5]=411
f[10][6]=499
f[10][7]=501
f[10][8]=495
f[10][9]=478
f[10][10]=506
f[10][11]=500
f[10][12]=484
f[10][13]=500
f[10][14]=492
f[10][15]=483
f[10][16]=514
f[10][17]=512
f[10][18]=491
f[10][19]=489
f[10][20]=517
f[10][21]=501
f[10][22]=495
f[10][23]=509
f[10][24]=500
f[10][25]=492
f[10][26]=517
f[10][27]=512
f[10][28]=494
f[10][29]=517
f[10][30]=499
f[10][31]=500
f[10][32]=516
f[10][33]=507
f[10][34]=499
f[10][35]=507
517
