n=3 m=3
jie[2]=2
inv[2]=499122177
jieinv[2]=499122177
jie[3]=6
inv[3]=332748118
jieinv[3]=166374059
f[1][1]=332748118
f[1][2]=332748118
f[1][3]=1
f[2][1]=-443664157
f[2][2]=-720954255
f[2][3]=-166374059
f[3][1]=480636170
f[3][2]=619281219
f[3][3]=859599304
i=1
g[0][0]=1
g[0][1]=0
g[0][2]=0
g[0][3]=0
g[1][0]=1
g[1][1]=0
g[1][2]=0
g[1][3]=0
g[2][0]=1
g[2][1]=0
g[2][2]=0
g[2][3]=0
g[3][0]=1
g[3][1]=0
g[3][2]=0
g[3][3]=0
g[4][0]=1
g[4][1]=0
g[4][2]=0
g[4][3]=0
g[5][0]=1
g[5][1]=0
g[5][2]=0
g[5][3]=0
g[6][0]=1
g[6][1]=3
g[6][2]=6
g[6][3]=6
g[7][0]=1
g[7][1]=0
g[7][2]=0
g[7][3]=0
g[8][0]=1
g[8][1]=0
g[8][2]=0
g[8][3]=0
g[9][0]=1
g[9][1]=0
g[9][2]=0
g[9][3]=0
dp[0]=1024
dp[1]=6144
dp[2]=43008
dp[3]=296960
i=2
g[0][0]=1
g[0][1]=0
g[0][2]=0
g[0][3]=0
g[1][0]=1
g[1][1]=0
g[1][2]=0
g[1][3]=0
g[2][0]=1
g[2][1]=1
g[2][2]=0
g[2][3]=0
g[3][0]=1
g[3][1]=2
g[3][2]=2
g[3][3]=0
g[4][0]=1
g[4][1]=0
g[4][2]=0
g[4][3]=0
g[5][0]=1
g[5][1]=0
g[5][2]=0
g[5][3]=0
g[6][0]=1
g[6][1]=0
g[6][2]=0
g[6][3]=0
g[7][0]=1
g[7][1]=0
g[7][2]=0
g[7][3]=0
g[8][0]=1
g[8][1]=0
g[8][2]=0
g[8][3]=0
g[9][0]=1
g[9][1]=0
g[9][2]=0
g[9][3]=0
dp[0]=1024
dp[1]=6144
dp[2]=30720
dp[3]=143360
i=3
g[0][0]=1
g[0][1]=0
g[0][2]=0
g[0][3]=0
g[1][0]=1
g[1][1]=0
g[1][2]=0
g[1][3]=0
g[2][0]=1
g[2][1]=0
g[2][2]=0
g[2][3]=0
g[3][0]=1
g[3][1]=0
g[3][2]=0
g[3][3]=0
g[4][0]=1
g[4][1]=0
g[4][2]=0
g[4][3]=0
g[5][0]=1
g[5][1]=0
g[5][2]=0
g[5][3]=0
g[6][0]=1
g[6][1]=0
g[6][2]=0
g[6][3]=0
g[7][0]=1
g[7][1]=0
g[7][2]=0
g[7][3]=0
g[8][0]=1
g[8][1]=0
g[8][2]=0
g[8][3]=0
g[9][0]=1
g[9][1]=0
g[9][2]=0
g[9][3]=0
dp[0]=1024
dp[1]=0
dp[2]=0
dp[3]=0
i=4
g[0][0]=1
g[0][1]=0
g[0][2]=0
g[0][3]=0
g[1][0]=1
g[1][1]=0
g[1][2]=0
g[1][3]=0
g[2][0]=1
g[2][1]=0
g[2][2]=0
g[2][3]=0
g[3][0]=1
g[3][1]=1
g[3][2]=0
g[3][3]=0
g[4][0]=1
g[4][1]=0
g[4][2]=0
g[4][3]=0
g[5][0]=1
g[5][1]=0
g[5][2]=0
g[5][3]=0
g[6][0]=1
g[6][1]=2
g[6][2]=2
g[6][3]=0
g[7][0]=1
g[7][1]=0
g[7][2]=0
g[7][3]=0
g[8][0]=1
g[8][1]=0
g[8][2]=0
g[8][3]=0
g[9][0]=1
g[9][1]=0
g[9][2]=0
g[9][3]=0
dp[0]=1024
dp[1]=6144
dp[2]=30720
dp[3]=143360
i=5
g[0][0]=1
g[0][1]=0
g[0][2]=0
g[0][3]=0
g[1][0]=1
g[1][1]=0
g[1][2]=0
g[1][3]=0
g[2][0]=1
g[2][1]=0
g[2][2]=0
g[2][3]=0
g[3][0]=1
g[3][1]=0
g[3][2]=0
g[3][3]=0
g[4][0]=1
g[4][1]=0
g[4][2]=0
g[4][3]=0
g[5][0]=1
g[5][1]=0
g[5][2]=0
g[5][3]=0
g[6][0]=1
g[6][1]=6
g[6][2]=12
g[6][3]=0
g[7][0]=1
g[7][1]=0
g[7][2]=0
g[7][3]=0
g[8][0]=1
g[8][1]=0
g[8][2]=0
g[8][3]=0
g[9][0]=1
g[9][1]=0
g[9][2]=0
g[9][3]=0
dp[0]=1024
dp[1]=12288
dp[2]=159744
dp[3]=2064384
i=6
g[0][0]=1
g[0][1]=0
g[0][2]=0
g[0][3]=0
g[1][0]=1
g[1][1]=0
g[1][2]=0
g[1][3]=0
g[2][0]=1
g[2][1]=0
g[2][2]=0
g[2][3]=0
g[3][0]=1
g[3][1]=2
g[3][2]=0
g[3][3]=0
g[4][0]=1
g[4][1]=0
g[4][2]=0
g[4][3]=0
g[5][0]=1
g[5][1]=0
g[5][2]=0
g[5][3]=0
g[6][0]=1
g[6][1]=0
g[6][2]=0
g[6][3]=0
g[7][0]=1
g[7][1]=0
g[7][2]=0
g[7][3]=0
g[8][0]=1
g[8][1]=0
g[8][2]=0
g[8][3]=0
g[9][0]=1
g[9][1]=0
g[9][2]=0
g[9][3]=0
dp[0]=1024
dp[1]=4096
dp[2]=16384
dp[3]=65536
i=7
g[0][0]=1
g[0][1]=0
g[0][2]=0
g[0][3]=0
g[1][0]=1
g[1][1]=0
g[1][2]=0
g[1][3]=0
g[2][0]=1
g[2][1]=0
g[2][2]=0
g[2][3]=0
g[3][0]=1
g[3][1]=0
g[3][2]=0
g[3][3]=0
g[4][0]=1
g[4][1]=0
g[4][2]=0
g[4][3]=0
g[5][0]=1
g[5][1]=0
g[5][2]=0
g[5][3]=0
g[6][0]=1
g[6][1]=0
g[6][2]=0
g[6][3]=0
g[7][0]=1
g[7][1]=0
g[7][2]=0
g[7][3]=0
g[8][0]=1
g[8][1]=0
g[8][2]=0
g[8][3]=0
g[9][0]=1
g[9][1]=0
g[9][2]=0
g[9][3]=0
dp[0]=1024
dp[1]=0
dp[2]=0
dp[3]=0
258048
