b[3]=10
1 1 2 2 3 3 4 8 5 
b[3]=10
1 1 2 2 3 3 4 8 8 
b[4]=6
1 1 2 2 3 3 4 8 9 
b[4]=6
1 1 2 2 4 3 4 8 9 
b[4]=6
1 1 2 2 8 3 4 8 9 
b[4]=6
1 1 2 2 9 3 4 8 9 
b[5]=7
1 1 2 2 10 3 4 8 9 
b[5]=7
1 1 2 2 10 4 4 8 9 
b[5]=7
1 1 2 2 10 8 4 8 9 
b[5]=7
1 1 2 2 10 9 4 8 9 
b[5]=7
1 1 2 2 10 10 4 8 9 
b[6]=5
1 1 2 2 10 6 4 8 9 
b[6]=5
1 1 2 4 10 6 4 8 9 
b[6]=5
1 1 2 8 10 6 4 8 9 
b[6]=5
1 1 2 9 10 6 4 8 9 
b[6]=5
1 1 2 10 10 6 4 8 9 
b[6]=5
1 1 2 6 10 6 4 8 9 
b[7]=3
1 1 2 7 10 6 4 8 9 
b[7]=3
1 2 2 7 10 6 4 8 9 
b[7]=3
1 4 2 7 10 6 4 8 9 
b[7]=3
1 8 2 7 10 6 4 8 9 
b[7]=3
1 9 2 7 10 6 4 8 9 
b[7]=3
1 10 2 7 10 6 4 8 9 
b[7]=3
1 6 2 7 10 6 4 8 9 
b[7]=3
1 7 2 7 10 6 4 8 9 
b[8]=1
1 5 2 7 10 6 4 8 9 
b[9]=0
1 5 2 7 10 6 4 8 9 
YES
1 5 2 7 10 6 4 8 9 
