272
0
1061109567
0
0
0
0
0
0
1061109567
0
1061109567
0
0
0
1061109567
0
0
0
0
0
0
0
0
0
0
0
0
232
1061109567
0
0
0
0
0
0
1061109567
0
0
0
0
0
0
0
0
0
0
134
1061109567
0
0
0
1061109567
0
0
1061109567
0
1061109567
0
0
1061109567
0
0
0
0
0
0
0
0
0
0
1061109567
1061109567
0
0
0
0
0
0
0
0
0
0
0
0
0
0
0
0
0
0
0
0
0
0
0
1061109567
1061109567
0
0
0
1061109567
0
0
0
0
0
1061109567
0
0
0
1061109567
0
0
0
0
0
0
0
0
0
0
1061109567
1061109567
0
0
0
0
0
0
0
0
141
0
0
0
0
1061109567
0
0
1061109567
0
0
0
0
1061109567
1061109567
0
0
206
0
0
0
0
0
1061109567
1061109567
0
0
0
0
0
0
0
1061109567
0
0
0
0
0
0
0
0
0
0
0
0
0
0
1061109567
0
0
0
0
0
0
0
1061109567
0
0
0
0
0
0
1061109567
1061109567
0
0
1061109567
1061109567
0
1061109567
0
0
0
1061109567
0
0
1061109567
1061109567
0
0
0
0
0
1061109567
0
0
0
0
0
0
0
0
0
0
0
0
0
1061109567
0
0
1061109567
0
202
1061109567
0
1061109567
0
0
316
0
0
0
0
0
0
0
0
196
0
1061109567
0
0
0
0
0
0
0
0
0
1061109567
0
0
0
0
0
0
0
0
0
0
0
0
0
1061109567
0
0
0
0
0
0
0
0
0
1061109567
0
0
0
0
0
0
1061109567
0
0
0
1061109567
0
0
0
0
0
0
0
0
1061109567
0
0
0
0
0
0
0
0
0
0
0
0
0
1061109567
0
0
0
0
0
0
0
0
0
0
0
0
0
0
0
0
0
0
0
1061109567
1061109567
0
0
0
0
1061109567
0
0
1061109567
0
0
0
0
323
1061109567
1061109567
0
1061109567
0
0
0
0
0
0
0
0
1061109567
0
0
1061109567
0
0
1061109567
0
0
1061109567
0
0
0
0
1061109567
0
0
1061109567
0
1061109567
1061109567
0
0
0
0
0
0
0
0
0
1061109567
0
0
0
0
0
0
0
0
0
1061109567
0
0
0
204
1061109567
0
1061109567
0
0
1061109567
0
0
0
0
1061109567
0
0
0
1061109567
260
0
0
0
1061109567
298
0
1061109567
0
0
0
0
0
0
0
0
0
0
0
0
1061109567
1061109567
0
0
0
1061109567
190
0
0
1061109567
0
0
0
0
0
0
0
0
1061109567
0
0
0
0
1061109567
0
0
0
1061109567
1061109567
201
0
0
0
0
371
0
0
0
0
1061109567
0
1061109567
0
0
0
0
1061109567
0
202
0
0
0
0
0
0
0
0
0
1061109567
0
255
0
0
0
1061109567
1061109567
1061109567
0
0
0
0
0
1061109567
0
0
0
0
0
0
1061109567
0
0
0
0
0
0
1061109567
0
0
0
0
0
1061109567
0
1061109567
0
1061109567
0
0
0
0
1061109567
0
0
0
0
0
0
0
1061109567
0
0
0
1061109567
0
1061109567
0
0
0
0
0
1061109567
0
1061109567
0
1061109567
1061109567
0
1061109567
1061109567
0
0
0
0
0
0
0
0
0
217
1061109567
0
216
0
511
0
1061109567
0
0
0
0
0
0
0
0
0
1061109567
0
0
0
0
0
0
0
0
0
0
1061109567
1061109567
0
0
0
0
0
0
1061109567
0
0
0
0
0
0
0
0
0
0
0
0
0
0
211
0
0
0
0
0
0
0
0
1061109567
0
0
1061109567
0
0
0
0
1061109567
0
0
0
0
0
1061109567
0
0
0
0
0
0
0
0
0
0
0
0
1061109567
0
1061109567
0
0
0
0
1061109567
1061109567
0
0
0
0
1061109567
0
0
1061109567
1061109567
0
0
0
0
0
0
0
1061109567
0
0
0
0
0
0
0
0
0
0
0
0
0
0
1061109567
0
0
1061109567
0
0
0
0
0
0
1061109567
0
0
1061109567
1061109567
0
0
0
1061109567
0
0
0
0
0
0
0
0
0
0
1061109567
0
1061109567
0
0
0
1061109567
223
0
0
0
1061109567
0
0
0
0
0
244
0
1061109567
0
247
149
0
0
0
0
0
0
0
0
0
0
0
0
0
0
0
0
1061109567
0
0
1061109567
0
0
0
1061109567
0
0
0
0
0
0
0
1061109567
0
0
0
0
0
0
0
0
0
0
0
0
0
0
0
0
0
0
0
0
0
0
0
1061109567
1061109567
0
0
0
0
0
0
0
0
231
0
0
0
0
0
0
0
0
0
1061109567
1061109567
0
0
0
0
0
0
0
0
0
1061109567
0
253
251
0
0
0
0
0
0
0
1061109567
227
0
0
0
0
0
0
0
183
0
0
0
0
0
0
0
0
0
0
0
0
0
0
1061109567
0
0
0
0
0
0
1061109567
1061109567
0
0
0
0
0
0
0
0
220
0
0
0
0
1061109567
0
0
0
0
0
0
0
0
0
0
0
0
0
0
0
0
0
0
1061109567
0
1061109567
0
0
0
0
0
0
0
0
0
0
0
0
0
0
0
0
0
0
1061109567
0
0
1061109567
0
0
0
0
0
0
0
0
0
1061109567
0
1061109567
0
0
1061109567
0
0
0
1061109567
0
0
1061109567
1061109567
1061109567
0
1061109567
0
0
1061109567
163
0
1061109567
0
0
0
0
1061109567
0
0
0
1061109567
0
164
1061109567
0
0
0
0
0
