0
1770
31860
0
0
0
1903
1996
0
574908
0
4833
13768
55281
4194
472917
0
445650
61
6230
791379
6603
7435
0
531911
83476
393
29281
46749
7916
393
1354
622186
7011
0
607333
6090
0
0
8918
8918
7771
6089
1963
0
0
1804334
3321
8054
2458477
11244
0
1906
1225224
0
577491
519375
12976
3270682
2956355
932616
240
0
1682
7101
0
13816
2857567
470308
10743
9970
14098
14098
512495
2249
0
3011073
1887230
3863407
4374727
0
3835652
17139
4234
809141
1562484
17872
0
2009967
2215
4968
4793109
17843
0
2080258
1902243
3485773
0
4649511
16755
0
2136513
932894
2530105
2507338
20559
20559
2995744
20975
16530
19182
0
0
4011024
13824
287675
14574
22612
0
4097871
4252821
24431
0
0
377264
2320168
5554163
0
25770
24150
0
6398
26744
858469
3811
26897
3556638
5869737
4055703
903965
6308473
28579
24888
406213
902
0
29481
2374992
1686376
8457
4036464
30405
1468883
1680
0
1781706
31449
364928
0
0
31449
0
0
4298615
849
33310
849
33310
1590077
1895787
35423
841455
37389
37389
981
7849403
0
0
6068433
38872
859217
34307
0
35012
3340736
2481684
39491
39491
3051
0
34283
34933
0
4695036
29056
36022
1518
744
0
1971431
729
0
40220
0
2528843
0
1390859
1086538
10850505
37250
8502
112995
44174
44174
44174
0
5936656
7296878
44465
35604
40122
4280880
0
44465
10344052
37083
0
1287791
46386
42886
0
2741
3303014
46324
4297470
7419807
0
40183
50125
0
0
42062
0
38289
47989
47355
1826840
1470680
0
15504
0
47926
0
3183
46249
3183
0
0
42391
8180
9760048
787
3140876
12208994
2394099
51582
53795
10036
472715
11628167
46826
4756540
2718578
52364
3057404
3434590
1001
52443
52364
56340
16914246
9972
3087133
3663100
37938
54433
59147
8069674
16825498
503957
60097
9168
0
13974
184262
0
5814675
1217376
985
63197
0
39699
58374
0
861
60644
63897
5847749
60644
0
861
6884827
2930519
772370
65178
52306
66369
9436118
63413
808
67216
8367564
63413
57952
6894374
0
1737
360
54069
43195
64027
64027
0
60164
59805
59805
0
62569
58545
10841420
59268
517204
0
65942
709
16843290
1048929
14508663
0
61253
67326
557629
4802599
6205552
16192794
9391757
0
2356
68973
6745
0
4927263
66825
69296
2417
68877
0
0
6539173
70508
0
1273
2690366
14032179
0
514018
9921184
2138
14429263
13782
72106
9351021
1259
1259
71373
3245
1259
9052992
0
0
5564874
2569899
1693
13988242
0
71373
72106
3047732
42544
7124540
4367
1613222
1838
0
7217
15467757
73677
74064
1090
522347
15502366
8055800
62882
5451807
229107
68035
75202
12252035
614
0
2142971
55134
0
0
67831
2445242
1471623
76488
865
76488
77291
77291
0
60603
6451307
2733
0
64678
75094
75094
79085
67018
2352813
66231
15607140
63343
20229
3922706
0
76927
79444
0
79444
79629
76927
10318779
3475177
0
831
80414
8657587
72815
2183550
77182
77182
0
0
75602
17992881
