7 5
1 1
5 5
8 8
14 18
2 1
14 21
18 31
7 6
9 10
6 4
10 9
16 23
14 18
15 21
8 9
12 17
8 7
18 33
12 16
3 3
7 6
10 8
10 11
6 5
14 20
2 2
4 2
19 33
6 5
14 24
13 18
8 7
15 28
15 27
9 9
2 1
19 30
16 22
8 7
4 3
18 30
13 20
17 29
13 21
11 17
4 4
12 16
11 11
2 1
17 29
7 7
11 11
10 15
9 11
9 9
5 4
3 2
9 11
9 11
12 18
16 29
15 23
7 5
15 21
15 25
15 26
7 6
11 15
17 29
8 11
4 3
13 22
11 19
12 20
7 8
13 20
13 19
9 11
8 6
15 22
18 32
11 10
9 9
6 5
15 22
3 2
11 10
3 2
8 10
14 21
14 21
4 3
7 6
10 13
9 9
6 6
5 4
13 20
3 2
