1
3375
375
1775880
21600000
64800000
1775880
21600000
64800000
1775880
21600000
64800000
1775880
21600000
64800000
1775880
21600000
64800000
1775880
21600000
64800000
1775880
21600000
64800000
1775880
21600000
64800000
1775880
21600000
64800000
1775880
21600000
64800000
1775880
21600000
64800000
1775880
21600000
64800000
1775880
21600000
64800000
1775880
21600000
64800000
1775880
21600000
64800000
1775880
21600000
64800000
1775880
21600000
64800000
1775880
21600000
64800000
1775880
21600000
64800000
1775880
21600000
64800000
1775880
21600000
64800000
1775880
21600000
64800000
1775880
21600000
64800000
1775880
21600000
64800000
1775880
21600000
64800000
1775880
21600000
64800000
1775880
21600000
64800000
1775880
21600000
64800000
1775880
21600000
64800000
1775880
21600000
64800000
1775880
21600000
64800000
1775880
21600000
64800000
1775880
21600000
64800000
1775880
21600000
64800000
1775880
21600000
64800000
1775880
21600000
64800000
1775880
21600000
64800000
1775880
21600000
64800000
1775880
21600000
64800000
1775880
21600000
64800000
1775880
21600000
64800000
1775880
21600000
64800000
1775880
21600000
64800000
1775880
21600000
64800000
1775880
21600000
64800000
1775880
21600000
64800000
1775880
21600000
64800000
1775880
21600000
64800000
1775880
21600000
64800000
1775880
21600000
64800000
1775880
21600000
64800000
1775880
21600000
64800000
1775880
21600000
64800000
1775880
21600000
64800000
1775880
21600000
64800000
1775880
21600000
64800000
1775880
21600000
64800000
1775880
21600000
64800000
1775880
21600000
64800000
