S=1
g[1]=g[0]-Cnt[Pre[1]&1]+Cnt[Next[1]&0]
0=0-0+0
g[1]=0
f[1]=1
S=2
g[2]=g[0]-Cnt[Pre[2]&2]+Cnt[Next[2]&0]
0=0-0+0
g[2]=0
f[2]=1
S=3
g[1]=g[0]-Cnt[Pre[1]&1]+Cnt[Next[1]&2]
0=0-0+0
g[1]=0
g[2]=g[0]-Cnt[Pre[2]&2]+Cnt[Next[2]&1]
0=0-0+0
g[2]=0
g[3]=g[2]-Cnt[Pre[1]&3]+Cnt[Next[1]&0]
0=0-0+0
g[3]=0
f[3]=1
S=4
g[4]=g[0]-Cnt[Pre[3]&4]+Cnt[Next[3]&0]
0=0-0+0
g[4]=0
f[4]=1
S=5
g[1]=g[0]-Cnt[Pre[1]&1]+Cnt[Next[1]&4]
0=0-0+0
g[1]=0
g[4]=g[0]-Cnt[Pre[3]&4]+Cnt[Next[3]&1]
1=0-0+1
g[4]=1
g[5]=g[4]-Cnt[Pre[1]&5]+Cnt[Next[1]&0]
0=1-1+0
g[5]=0
f[5]=2
S=6
g[2]=g[0]-Cnt[Pre[2]&2]+Cnt[Next[2]&4]
1=0-0+1
g[2]=1
g[4]=g[0]-Cnt[Pre[3]&4]+Cnt[Next[3]&2]
1=0-0+1
g[4]=1
g[6]=g[4]-Cnt[Pre[2]&6]+Cnt[Next[2]&0]
0=1-1+0
g[6]=0
f[6]=3
S=7
g[1]=g[0]-Cnt[Pre[1]&1]+Cnt[Next[1]&6]
0=0-0+0
g[1]=0
g[2]=g[0]-Cnt[Pre[2]&2]+Cnt[Next[2]&5]
1=0-0+1
g[2]=1
g[3]=g[2]-Cnt[Pre[1]&3]+Cnt[Next[1]&4]
1=1-0+0
g[3]=1
g[4]=g[0]-Cnt[Pre[3]&4]+Cnt[Next[3]&3]
2=0-0+2
g[4]=2
g[5]=g[4]-Cnt[Pre[1]&5]+Cnt[Next[1]&2]
1=2-1+0
g[5]=1
g[6]=g[4]-Cnt[Pre[2]&6]+Cnt[Next[2]&1]
1=2-1+0
g[6]=1
g[7]=g[6]-Cnt[Pre[1]&7]+Cnt[Next[1]&0]
0=1-1+0
g[7]=0
f[7]=6
S=8
g[8]=g[0]-Cnt[Pre[4]&8]+Cnt[Next[4]&0]
0=0-0+0
g[8]=0
f[8]=1
S=9
g[1]=g[0]-Cnt[Pre[1]&1]+Cnt[Next[1]&8]
0=0-0+0
g[1]=0
g[8]=g[0]-Cnt[Pre[4]&8]+Cnt[Next[4]&1]
1=0-0+1
g[8]=1
g[9]=g[8]-Cnt[Pre[1]&9]+Cnt[Next[1]&0]
0=1-1+0
g[9]=0
f[9]=2
S=10
g[2]=g[0]-Cnt[Pre[2]&2]+Cnt[Next[2]&8]
0=0-0+0
g[2]=0
g[8]=g[0]-Cnt[Pre[4]&8]+Cnt[Next[4]&2]
1=0-0+1
g[8]=1
g[10]=g[8]-Cnt[Pre[2]&10]+Cnt[Next[2]&0]
0=1-1+0
g[10]=0
f[10]=2
S=11
g[1]=g[0]-Cnt[Pre[1]&1]+Cnt[Next[1]&10]
0=0-0+0
g[1]=0
g[2]=g[0]-Cnt[Pre[2]&2]+Cnt[Next[2]&9]
0=0-0+0
g[2]=0
g[3]=g[2]-Cnt[Pre[1]&3]+Cnt[Next[1]&8]
0=0-0+0
g[3]=0
g[8]=g[0]-Cnt[Pre[4]&8]+Cnt[Next[4]&3]
2=0-0+2
g[8]=2
g[9]=g[8]-Cnt[Pre[1]&9]+Cnt[Next[1]&2]
1=2-1+0
g[9]=1
g[10]=g[8]-Cnt[Pre[2]&10]+Cnt[Next[2]&1]
1=2-1+0
g[10]=1
g[11]=g[10]-Cnt[Pre[1]&11]+Cnt[Next[1]&0]
0=1-1+0
g[11]=0
f[11]=4
S=12
g[4]=g[0]-Cnt[Pre[3]&4]+Cnt[Next[3]&8]
0=0-0+0
g[4]=0
g[8]=g[0]-Cnt[Pre[4]&8]+Cnt[Next[4]&4]
1=0-0+1
g[8]=1
g[12]=g[8]-Cnt[Pre[3]&12]+Cnt[Next[3]&0]
0=1-1+0
g[12]=0
f[12]=2
S=13
g[1]=g[0]-Cnt[Pre[1]&1]+Cnt[Next[1]&12]
0=0-0+0
g[1]=0
g[4]=g[0]-Cnt[Pre[3]&4]+Cnt[Next[3]&9]
1=0-0+1
g[4]=1
g[5]=g[4]-Cnt[Pre[1]&5]+Cnt[Next[1]&8]
0=1-1+0
g[5]=0
g[8]=g[0]-Cnt[Pre[4]&8]+Cnt[Next[4]&5]
2=0-0+2
g[8]=2
g[9]=g[8]-Cnt[Pre[1]&9]+Cnt[Next[1]&4]
1=2-1+0
g[9]=1
g[12]=g[8]-Cnt[Pre[3]&12]+Cnt[Next[3]&1]
2=2-1+1
g[12]=2
g[13]=g[12]-Cnt[Pre[1]&13]+Cnt[Next[1]&0]
0=2-2+0
g[13]=0
f[13]=8
S=14
g[2]=g[0]-Cnt[Pre[2]&2]+Cnt[Next[2]&12]
1=0-0+1
g[2]=1
g[4]=g[0]-Cnt[Pre[3]&4]+Cnt[Next[3]&10]
1=0-0+1
g[4]=1
g[6]=g[4]-Cnt[Pre[2]&6]+Cnt[Next[2]&8]
0=1-1+0
g[6]=0
g[8]=g[0]-Cnt[Pre[4]&8]+Cnt[Next[4]&6]
2=0-0+2
g[8]=2
g[10]=g[8]-Cnt[Pre[2]&10]+Cnt[Next[2]&4]
2=2-1+1
g[10]=2
g[12]=g[8]-Cnt[Pre[3]&12]+Cnt[Next[3]&2]
2=2-1+1
g[12]=2
g[14]=g[12]-Cnt[Pre[2]&14]+Cnt[Next[2]&0]
0=2-2+0
g[14]=0
f[14]=12
S=15
g[1]=g[0]-Cnt[Pre[1]&1]+Cnt[Next[1]&14]
0=0-0+0
g[1]=0
g[2]=g[0]-Cnt[Pre[2]&2]+Cnt[Next[2]&13]
1=0-0+1
g[2]=1
g[3]=g[2]-Cnt[Pre[1]&3]+Cnt[Next[1]&12]
1=1-0+0
g[3]=1
g[4]=g[0]-Cnt[Pre[3]&4]+Cnt[Next[3]&11]
2=0-0+2
g[4]=2
g[5]=g[4]-Cnt[Pre[1]&5]+Cnt[Next[1]&10]
1=2-1+0
g[5]=1
g[6]=g[4]-Cnt[Pre[2]&6]+Cnt[Next[2]&9]
1=2-1+0
g[6]=1
g[7]=g[6]-Cnt[Pre[1]&7]+Cnt[Next[1]&8]
0=1-1+0
g[7]=0
g[8]=g[0]-Cnt[Pre[4]&8]+Cnt[Next[4]&7]
3=0-0+3
g[8]=3
g[9]=g[8]-Cnt[Pre[1]&9]+Cnt[Next[1]&6]
2=3-1+0
g[9]=2
g[10]=g[8]-Cnt[Pre[2]&10]+Cnt[Next[2]&5]
3=3-1+1
g[10]=3
g[11]=g[10]-Cnt[Pre[1]&11]+Cnt[Next[1]&4]
2=3-1+0
g[11]=2
g[12]=g[8]-Cnt[Pre[3]&12]+Cnt[Next[3]&3]
4=3-1+2
g[12]=4
g[13]=g[12]-Cnt[Pre[1]&13]+Cnt[Next[1]&2]
2=4-2+0
g[13]=2
g[14]=g[12]-Cnt[Pre[2]&14]+Cnt[Next[2]&1]
2=4-2+0
g[14]=2
g[15]=g[14]-Cnt[Pre[1]&15]+Cnt[Next[1]&0]
0=2-2+0
g[15]=0
f[15]=48
16